2021-03-02 16:21:25,706 INFO aireGDL Starting script
2021-03-02 16:21:26,478 INFO aireGDL Downloaded data from Smart Citizen with the tag PIPCiudadFuturo
2021-03-02 16:21:26,878 INFO aireGDL Downloaded measurement data for the device 13450
2021-03-02 16:21:27,207 INFO aireGDL Downloaded measurement data for the device: 13450 and sensor: 113
2021-03-02 16:21:27,606 INFO aireGDL Downloaded measurement data for the device: 13450 and sensor: 112
2021-03-02 16:21:28,387 INFO aireGDL Downloaded measurement data for the device: 13450 and sensor: 14
2021-03-02 16:21:29,099 INFO aireGDL Downloaded measurement data for the device: 13450 and sensor: 10
2021-03-02 16:21:29,463 INFO aireGDL Downloaded measurement data for the device: 13450 and sensor: 53
2021-03-02 16:21:29,803 INFO aireGDL Downloaded measurement data for the device: 13450 and sensor: 58
2021-03-02 16:21:30,196 INFO aireGDL Downloaded measurement data for the device: 13450 and sensor: 89
2021-03-02 16:21:30,600 INFO aireGDL Downloaded measurement data for the device: 13450 and sensor: 88
2021-03-02 16:21:30,981 INFO aireGDL Downloaded measurement data for the device: 13450 and sensor: 87
2021-03-02 16:21:31,350 INFO aireGDL Downloaded measurement data for the device: 13450 and sensor: 56
2021-03-02 16:21:31,714 INFO aireGDL Downloaded measurement data for the device: 13450 and sensor: 55
2021-03-02 16:21:32,063 INFO aireGDL Downloaded measurement data for the device 13451
2021-03-02 16:21:32,416 INFO aireGDL Downloaded measurement data for the device: 13451 and sensor: 113
2021-03-02 16:21:32,757 INFO aireGDL Downloaded measurement data for the device: 13451 and sensor: 112
2021-03-02 16:21:33,163 INFO aireGDL Downloaded measurement data for the device: 13451 and sensor: 14
2021-03-02 16:21:33,542 INFO aireGDL Downloaded measurement data for the device: 13451 and sensor: 10
2021-03-02 16:21:33,894 INFO aireGDL Downloaded measurement data for the device: 13451 and sensor: 53
2021-03-02 16:21:34,262 INFO aireGDL Downloaded measurement data for the device: 13451 and sensor: 58
2021-03-02 16:21:34,664 INFO aireGDL Downloaded measurement data for the device: 13451 and sensor: 89
2021-03-02 16:21:35,036 INFO aireGDL Downloaded measurement data for the device: 13451 and sensor: 88
2021-03-02 16:21:35,413 INFO aireGDL Downloaded measurement data for the device: 13451 and sensor: 87
2021-03-02 16:21:35,846 INFO aireGDL Downloaded measurement data for the device: 13451 and sensor: 56
2021-03-02 16:21:36,230 INFO aireGDL Downloaded measurement data for the device: 13451 and sensor: 55
2021-03-02 16:21:36,613 INFO aireGDL Downloaded measurement data for the device 13452
2021-03-02 16:21:36,952 INFO aireGDL Downloaded measurement data for the device: 13452 and sensor: 113
2021-03-02 16:21:37,358 INFO aireGDL Downloaded measurement data for the device: 13452 and sensor: 112
2021-03-02 16:21:37,738 INFO aireGDL Downloaded measurement data for the device: 13452 and sensor: 14
2021-03-02 16:21:38,088 INFO aireGDL Downloaded measurement data for the device: 13452 and sensor: 10
2021-03-02 16:21:38,456 INFO aireGDL Downloaded measurement data for the device: 13452 and sensor: 53
2021-03-02 16:21:38,780 INFO aireGDL Downloaded measurement data for the device: 13452 and sensor: 58
2021-03-02 16:21:39,153 INFO aireGDL Downloaded measurement data for the device: 13452 and sensor: 89
2021-03-02 16:21:39,500 INFO aireGDL Downloaded measurement data for the device: 13452 and sensor: 88
2021-03-02 16:21:39,890 INFO aireGDL Downloaded measurement data for the device: 13452 and sensor: 87
2021-03-02 16:21:40,223 INFO aireGDL Downloaded measurement data for the device: 13452 and sensor: 56
2021-03-02 16:21:41,219 INFO aireGDL Downloaded measurement data for the device: 13452 and sensor: 55
2021-03-02 16:21:41,604 INFO aireGDL Downloaded measurement data for the device 13453
2021-03-02 16:21:41,953 INFO aireGDL Downloaded measurement data for the device: 13453 and sensor: 113
2021-03-02 16:21:42,351 INFO aireGDL Downloaded measurement data for the device: 13453 and sensor: 112
2021-03-02 16:21:42,699 INFO aireGDL Downloaded measurement data for the device: 13453 and sensor: 14
2021-03-02 16:21:43,086 INFO aireGDL Downloaded measurement data for the device: 13453 and sensor: 10
2021-03-02 16:21:43,453 INFO aireGDL Downloaded measurement data for the device: 13453 and sensor: 53
2021-03-02 16:21:43,832 INFO aireGDL Downloaded measurement data for the device: 13453 and sensor: 58
2021-03-02 16:21:44,218 INFO aireGDL Downloaded measurement data for the device: 13453 and sensor: 89
2021-03-02 16:21:44,546 INFO aireGDL Downloaded measurement data for the device: 13453 and sensor: 88
2021-03-02 16:21:45,313 INFO aireGDL Downloaded measurement data for the device: 13453 and sensor: 87
2021-03-02 16:21:45,686 INFO aireGDL Downloaded measurement data for the device: 13453 and sensor: 56
2021-03-02 16:21:46,032 INFO aireGDL Downloaded measurement data for the device: 13453 and sensor: 55
2021-03-02 16:21:46,438 INFO aireGDL Downloaded measurement data for the device 13455
2021-03-02 16:21:46,773 INFO aireGDL Downloaded measurement data for the device: 13455 and sensor: 113
2021-03-02 16:21:47,139 INFO aireGDL Downloaded measurement data for the device: 13455 and sensor: 112
2021-03-02 16:21:47,472 INFO aireGDL Downloaded measurement data for the device: 13455 and sensor: 14
2021-03-02 16:21:47,815 INFO aireGDL Downloaded measurement data for the device: 13455 and sensor: 10
2021-03-02 16:21:48,146 INFO aireGDL Downloaded measurement data for the device: 13455 and sensor: 53
2021-03-02 16:21:48,501 INFO aireGDL Downloaded measurement data for the device: 13455 and sensor: 58
2021-03-02 16:21:49,229 INFO aireGDL Downloaded measurement data for the device: 13455 and sensor: 89
2021-03-02 16:21:49,584 INFO aireGDL Downloaded measurement data for the device: 13455 and sensor: 88
2021-03-02 16:21:49,936 INFO aireGDL Downloaded measurement data for the device: 13455 and sensor: 87
2021-03-02 16:21:50,347 INFO aireGDL Downloaded measurement data for the device: 13455 and sensor: 56
2021-03-02 16:21:50,721 INFO aireGDL Downloaded measurement data for the device: 13455 and sensor: 55
2021-03-02 16:21:51,477 INFO aireGDL Downloaded measurement data for the device 13461
2021-03-02 16:21:51,879 INFO aireGDL Downloaded measurement data for the device: 13461 and sensor: 113
2021-03-02 16:21:52,204 INFO aireGDL Downloaded measurement data for the device: 13461 and sensor: 112
2021-03-02 16:21:52,996 INFO aireGDL Downloaded measurement data for the device: 13461 and sensor: 14
2021-03-02 16:21:53,344 INFO aireGDL Downloaded measurement data for the device: 13461 and sensor: 10
2021-03-02 16:21:53,678 INFO aireGDL Downloaded measurement data for the device: 13461 and sensor: 53
2021-03-02 16:21:54,029 INFO aireGDL Downloaded measurement data for the device: 13461 and sensor: 58
2021-03-02 16:21:54,386 INFO aireGDL Downloaded measurement data for the device: 13461 and sensor: 89
2021-03-02 16:21:54,733 INFO aireGDL Downloaded measurement data for the device: 13461 and sensor: 88
2021-03-02 16:21:55,094 INFO aireGDL Downloaded measurement data for the device: 13461 and sensor: 87
2021-03-02 16:21:55,491 INFO aireGDL Downloaded measurement data for the device: 13461 and sensor: 56
2021-03-02 16:21:55,826 INFO aireGDL Downloaded measurement data for the device: 13461 and sensor: 55
2021-03-02 16:21:56,178 INFO aireGDL Downloaded measurement data for the device 13462
2021-03-02 16:21:56,584 INFO aireGDL Downloaded measurement data for the device: 13462 and sensor: 113
2021-03-02 16:21:57,965 INFO aireGDL Downloaded measurement data for the device: 13462 and sensor: 112
2021-03-02 16:21:58,424 INFO aireGDL Downloaded measurement data for the device: 13462 and sensor: 14
2021-03-02 16:21:58,757 INFO aireGDL Downloaded measurement data for the device: 13462 and sensor: 10
2021-03-02 16:21:59,146 INFO aireGDL Downloaded measurement data for the device: 13462 and sensor: 53
2021-03-02 16:21:59,911 INFO aireGDL Downloaded measurement data for the device: 13462 and sensor: 58
2021-03-02 16:22:00,297 INFO aireGDL Downloaded measurement data for the device: 13462 and sensor: 89
2021-03-02 16:22:00,698 INFO aireGDL Downloaded measurement data for the device: 13462 and sensor: 88
2021-03-02 16:22:01,045 INFO aireGDL Downloaded measurement data for the device: 13462 and sensor: 87
2021-03-02 16:22:01,455 INFO aireGDL Downloaded measurement data for the device: 13462 and sensor: 56
2021-03-02 16:22:01,853 INFO aireGDL Downloaded measurement data for the device: 13462 and sensor: 55
2021-03-02 16:22:02,239 INFO aireGDL Downloaded measurement data for the device 13463
2021-03-02 16:22:02,622 INFO aireGDL Downloaded measurement data for the device: 13463 and sensor: 113
2021-03-02 16:22:02,989 INFO aireGDL Downloaded measurement data for the device: 13463 and sensor: 112
2021-03-02 16:22:03,362 INFO aireGDL Downloaded measurement data for the device: 13463 and sensor: 14
2021-03-02 16:22:03,698 INFO aireGDL Downloaded measurement data for the device: 13463 and sensor: 10
2021-03-02 16:22:04,059 INFO aireGDL Downloaded measurement data for the device: 13463 and sensor: 53
2021-03-02 16:22:04,395 INFO aireGDL Downloaded measurement data for the device: 13463 and sensor: 58
2021-03-02 16:22:04,813 INFO aireGDL Downloaded measurement data for the device: 13463 and sensor: 89
2021-03-02 16:22:05,222 INFO aireGDL Downloaded measurement data for the device: 13463 and sensor: 88
2021-03-02 16:22:05,571 INFO aireGDL Downloaded measurement data for the device: 13463 and sensor: 87
2021-03-02 16:22:05,904 INFO aireGDL Downloaded measurement data for the device: 13463 and sensor: 56
2021-03-02 16:22:06,278 INFO aireGDL Downloaded measurement data for the device: 13463 and sensor: 55
2021-03-02 16:22:06,659 INFO aireGDL Downloaded measurement data for the device 13464
2021-03-02 16:22:06,992 INFO aireGDL Downloaded measurement data for the device: 13464 and sensor: 113
2021-03-02 16:22:07,360 INFO aireGDL Downloaded measurement data for the device: 13464 and sensor: 112
2021-03-02 16:22:07,777 INFO aireGDL Downloaded measurement data for the device: 13464 and sensor: 14
2021-03-02 16:22:08,167 INFO aireGDL Downloaded measurement data for the device: 13464 and sensor: 10
2021-03-02 16:22:08,529 INFO aireGDL Downloaded measurement data for the device: 13464 and sensor: 53
2021-03-02 16:22:08,971 INFO aireGDL Downloaded measurement data for the device: 13464 and sensor: 58
2021-03-02 16:22:09,352 INFO aireGDL Downloaded measurement data for the device: 13464 and sensor: 89
2021-03-02 16:22:09,790 INFO aireGDL Downloaded measurement data for the device: 13464 and sensor: 88
2021-03-02 16:22:10,145 INFO aireGDL Downloaded measurement data for the device: 13464 and sensor: 87
2021-03-02 16:22:10,517 INFO aireGDL Downloaded measurement data for the device: 13464 and sensor: 56
2021-03-02 16:22:10,830 INFO aireGDL Downloaded measurement data for the device: 13464 and sensor: 55
2021-03-02 16:22:11,161 INFO aireGDL Downloaded measurement data for the device 13466
2021-03-02 16:22:11,507 INFO aireGDL Downloaded measurement data for the device: 13466 and sensor: 113
2021-03-02 16:22:11,837 INFO aireGDL Downloaded measurement data for the device: 13466 and sensor: 112
2021-03-02 16:22:12,162 INFO aireGDL Downloaded measurement data for the device: 13466 and sensor: 14
2021-03-02 16:22:12,549 INFO aireGDL Downloaded measurement data for the device: 13466 and sensor: 10
2021-03-02 16:22:12,923 INFO aireGDL Downloaded measurement data for the device: 13466 and sensor: 53
2021-03-02 16:22:13,726 INFO aireGDL Downloaded measurement data for the device: 13466 and sensor: 58
2021-03-02 16:22:14,056 INFO aireGDL Downloaded measurement data for the device: 13466 and sensor: 89
2021-03-02 16:22:14,414 INFO aireGDL Downloaded measurement data for the device: 13466 and sensor: 88
2021-03-02 16:22:14,806 INFO aireGDL Downloaded measurement data for the device: 13466 and sensor: 87
2021-03-02 16:22:15,179 INFO aireGDL Downloaded measurement data for the device: 13466 and sensor: 56
2021-03-02 16:22:15,531 INFO aireGDL Downloaded measurement data for the device: 13466 and sensor: 55
2021-03-02 16:22:15,875 INFO aireGDL Downloaded measurement data for the device 13483
2021-03-02 16:22:16,969 INFO aireGDL Downloaded measurement data for the device: 13483 and sensor: 113
2021-03-02 16:22:17,562 INFO aireGDL Downloaded measurement data for the device: 13483 and sensor: 112
2021-03-02 16:22:18,125 INFO aireGDL Downloaded measurement data for the device: 13483 and sensor: 14
2021-03-02 16:22:18,741 INFO aireGDL Downloaded measurement data for the device: 13483 and sensor: 10
2021-03-02 16:22:19,436 INFO aireGDL Downloaded measurement data for the device: 13483 and sensor: 53
2021-03-02 16:22:20,254 INFO aireGDL Downloaded measurement data for the device: 13483 and sensor: 58
2021-03-02 16:22:20,890 INFO aireGDL Downloaded measurement data for the device: 13483 and sensor: 89
2021-03-02 16:22:21,570 INFO aireGDL Downloaded measurement data for the device: 13483 and sensor: 88
2021-03-02 16:22:22,234 INFO aireGDL Downloaded measurement data for the device: 13483 and sensor: 87
2021-03-02 16:22:22,933 INFO aireGDL Downloaded measurement data for the device: 13483 and sensor: 56
2021-03-02 16:22:23,546 INFO aireGDL Downloaded measurement data for the device: 13483 and sensor: 55
2021-03-02 16:22:23,915 INFO aireGDL Downloaded measurement data for the device 13492
2021-03-02 16:22:24,534 INFO aireGDL Downloaded measurement data for the device: 13492 and sensor: 113
2021-03-02 16:22:25,191 INFO aireGDL Downloaded measurement data for the device: 13492 and sensor: 112
2021-03-02 16:22:25,784 INFO aireGDL Downloaded measurement data for the device: 13492 and sensor: 14
2021-03-02 16:22:26,373 INFO aireGDL Downloaded measurement data for the device: 13492 and sensor: 10
2021-03-02 16:22:26,988 INFO aireGDL Downloaded measurement data for the device: 13492 and sensor: 53
2021-03-02 16:22:27,584 INFO aireGDL Downloaded measurement data for the device: 13492 and sensor: 58
2021-03-02 16:22:27,961 INFO aireGDL Downloaded measurement data for the device: 13492 and sensor: 89
2021-03-02 16:22:28,388 INFO aireGDL Downloaded measurement data for the device: 13492 and sensor: 88
2021-03-02 16:22:28,832 INFO aireGDL Downloaded measurement data for the device: 13492 and sensor: 87
2021-03-02 16:22:29,502 INFO aireGDL Downloaded measurement data for the device: 13492 and sensor: 56
2021-03-02 16:22:30,066 INFO aireGDL Downloaded measurement data for the device: 13492 and sensor: 55
2021-03-02 16:22:30,412 INFO aireGDL Downloaded measurement data for the device 13507
2021-03-02 16:22:31,405 INFO aireGDL Downloaded measurement data for the device: 13507 and sensor: 113
2021-03-02 16:22:32,031 INFO aireGDL Downloaded measurement data for the device: 13507 and sensor: 112
2021-03-02 16:22:32,623 INFO aireGDL Downloaded measurement data for the device: 13507 and sensor: 14
2021-03-02 16:22:33,233 INFO aireGDL Downloaded measurement data for the device: 13507 and sensor: 10
2021-03-02 16:22:33,833 INFO aireGDL Downloaded measurement data for the device: 13507 and sensor: 53
2021-03-02 16:22:34,497 INFO aireGDL Downloaded measurement data for the device: 13507 and sensor: 58
2021-03-02 16:22:35,111 INFO aireGDL Downloaded measurement data for the device: 13507 and sensor: 89
2021-03-02 16:22:35,742 INFO aireGDL Downloaded measurement data for the device: 13507 and sensor: 88
2021-03-02 16:22:36,367 INFO aireGDL Downloaded measurement data for the device: 13507 and sensor: 87
2021-03-02 16:22:36,997 INFO aireGDL Downloaded measurement data for the device: 13507 and sensor: 56
2021-03-02 16:22:37,624 INFO aireGDL Downloaded measurement data for the device: 13507 and sensor: 55
2021-03-02 16:22:38,012 INFO aireGDL Downloaded measurement data for the device 13545
2021-03-02 16:22:38,679 INFO aireGDL Downloaded measurement data for the device: 13545 and sensor: 113
2021-03-02 16:22:39,276 INFO aireGDL Downloaded measurement data for the device: 13545 and sensor: 112
2021-03-02 16:22:39,902 INFO aireGDL Downloaded measurement data for the device: 13545 and sensor: 14
2021-03-02 16:22:40,464 INFO aireGDL Downloaded measurement data for the device: 13545 and sensor: 10
2021-03-02 16:22:41,081 INFO aireGDL Downloaded measurement data for the device: 13545 and sensor: 53
2021-03-02 16:22:41,700 INFO aireGDL Downloaded measurement data for the device: 13545 and sensor: 58
2021-03-02 16:22:42,042 INFO aireGDL Downloaded measurement data for the device: 13545 and sensor: 89
2021-03-02 16:22:42,454 INFO aireGDL Downloaded measurement data for the device: 13545 and sensor: 88
2021-03-02 16:22:42,800 INFO aireGDL Downloaded measurement data for the device: 13545 and sensor: 87
2021-03-02 16:22:43,904 INFO aireGDL Downloaded measurement data for the device: 13545 and sensor: 56
2021-03-02 16:22:44,561 INFO aireGDL Downloaded measurement data for the device: 13545 and sensor: 55
2021-03-02 16:22:44,914 INFO aireGDL Downloaded measurement data for the device 13548
2021-03-02 16:22:46,163 INFO aireGDL Downloaded measurement data for the device: 13548 and sensor: 113
2021-03-02 16:22:46,750 INFO aireGDL Downloaded measurement data for the device: 13548 and sensor: 112
2021-03-02 16:22:47,465 INFO aireGDL Downloaded measurement data for the device: 13548 and sensor: 14
2021-03-02 16:22:48,051 INFO aireGDL Downloaded measurement data for the device: 13548 and sensor: 10
2021-03-02 16:22:48,660 INFO aireGDL Downloaded measurement data for the device: 13548 and sensor: 53
2021-03-02 16:22:49,267 INFO aireGDL Downloaded measurement data for the device: 13548 and sensor: 58
2021-03-02 16:22:49,841 INFO aireGDL Downloaded measurement data for the device: 13548 and sensor: 89
2021-03-02 16:22:50,462 INFO aireGDL Downloaded measurement data for the device: 13548 and sensor: 88
2021-03-02 16:22:51,103 INFO aireGDL Downloaded measurement data for the device: 13548 and sensor: 87
2021-03-02 16:22:51,756 INFO aireGDL Downloaded measurement data for the device: 13548 and sensor: 56
2021-03-02 16:22:52,425 INFO aireGDL Downloaded measurement data for the device: 13548 and sensor: 55
2021-03-02 16:22:52,821 INFO aireGDL Downloaded measurement data for the device 13573
2021-03-02 16:22:53,443 INFO aireGDL Downloaded measurement data for the device: 13573 and sensor: 113
2021-03-02 16:22:54,111 INFO aireGDL Downloaded measurement data for the device: 13573 and sensor: 112
2021-03-02 16:22:54,755 INFO aireGDL Downloaded measurement data for the device: 13573 and sensor: 14
2021-03-02 16:22:55,429 INFO aireGDL Downloaded measurement data for the device: 13573 and sensor: 10
2021-03-02 16:22:56,056 INFO aireGDL Downloaded measurement data for the device: 13573 and sensor: 53
2021-03-02 16:22:56,685 INFO aireGDL Downloaded measurement data for the device: 13573 and sensor: 58
2021-03-02 16:22:57,283 INFO aireGDL Downloaded measurement data for the device: 13573 and sensor: 89
2021-03-02 16:22:57,926 INFO aireGDL Downloaded measurement data for the device: 13573 and sensor: 88
2021-03-02 16:22:58,527 INFO aireGDL Downloaded measurement data for the device: 13573 and sensor: 87
2021-03-02 16:22:59,629 INFO aireGDL Downloaded measurement data for the device: 13573 and sensor: 56
2021-03-02 16:23:00,268 INFO aireGDL Downloaded measurement data for the device: 13573 and sensor: 55
2021-03-02 16:23:00,706 INFO aireGDL Downloaded measurement data for the device 13574
2021-03-02 16:23:01,344 INFO aireGDL Downloaded measurement data for the device: 13574 and sensor: 113
2021-03-02 16:23:02,012 INFO aireGDL Downloaded measurement data for the device: 13574 and sensor: 112
2021-03-02 16:23:02,628 INFO aireGDL Downloaded measurement data for the device: 13574 and sensor: 14
2021-03-02 16:23:03,282 INFO aireGDL Downloaded measurement data for the device: 13574 and sensor: 10
2021-03-02 16:23:03,898 INFO aireGDL Downloaded measurement data for the device: 13574 and sensor: 53
2021-03-02 16:23:04,575 INFO aireGDL Downloaded measurement data for the device: 13574 and sensor: 58
2021-03-02 16:23:05,234 INFO aireGDL Downloaded measurement data for the device: 13574 and sensor: 89
2021-03-02 16:23:05,802 INFO aireGDL Downloaded measurement data for the device: 13574 and sensor: 88
2021-03-02 16:23:06,417 INFO aireGDL Downloaded measurement data for the device: 13574 and sensor: 87
2021-03-02 16:23:07,179 INFO aireGDL Downloaded measurement data for the device: 13574 and sensor: 56
2021-03-02 16:23:07,847 INFO aireGDL Downloaded measurement data for the device: 13574 and sensor: 55
2021-03-02 16:23:08,267 INFO aireGDL Downloaded measurement data for the device 13598
2021-03-02 16:23:09,345 INFO aireGDL Downloaded measurement data for the device: 13598 and sensor: 113
2021-03-02 16:23:10,029 INFO aireGDL Downloaded measurement data for the device: 13598 and sensor: 112
2021-03-02 16:23:10,653 INFO aireGDL Downloaded measurement data for the device: 13598 and sensor: 14
2021-03-02 16:23:11,201 INFO aireGDL Downloaded measurement data for the device: 13598 and sensor: 10
2021-03-02 16:23:11,841 INFO aireGDL Downloaded measurement data for the device: 13598 and sensor: 53
2021-03-02 16:23:12,460 INFO aireGDL Downloaded measurement data for the device: 13598 and sensor: 58
2021-03-02 16:23:13,070 INFO aireGDL Downloaded measurement data for the device: 13598 and sensor: 89
2021-03-02 16:23:13,659 INFO aireGDL Downloaded measurement data for the device: 13598 and sensor: 88
2021-03-02 16:23:14,317 INFO aireGDL Downloaded measurement data for the device: 13598 and sensor: 87
2021-03-02 16:23:14,928 INFO aireGDL Downloaded measurement data for the device: 13598 and sensor: 56
2021-03-02 16:23:15,631 INFO aireGDL Downloaded measurement data for the device: 13598 and sensor: 55
2021-03-02 16:23:16,023 INFO aireGDL Downloaded measurement data for the device 13647
2021-03-02 16:23:16,580 INFO aireGDL Downloaded measurement data for the device: 13647 and sensor: 113
2021-03-02 16:23:17,168 INFO aireGDL Downloaded measurement data for the device: 13647 and sensor: 112
2021-03-02 16:23:17,716 INFO aireGDL Downloaded measurement data for the device: 13647 and sensor: 14
2021-03-02 16:23:18,276 INFO aireGDL Downloaded measurement data for the device: 13647 and sensor: 10
2021-03-02 16:23:19,208 INFO aireGDL Downloaded measurement data for the device: 13647 and sensor: 53
2021-03-02 16:23:19,741 INFO aireGDL Downloaded measurement data for the device: 13647 and sensor: 58
2021-03-02 16:23:20,342 INFO aireGDL Downloaded measurement data for the device: 13647 and sensor: 89
2021-03-02 16:23:20,902 INFO aireGDL Downloaded measurement data for the device: 13647 and sensor: 88
2021-03-02 16:23:21,497 INFO aireGDL Downloaded measurement data for the device: 13647 and sensor: 87
2021-03-02 16:23:22,121 INFO aireGDL Downloaded measurement data for the device: 13647 and sensor: 56
2021-03-02 16:23:22,696 INFO aireGDL Downloaded measurement data for the device: 13647 and sensor: 55
2021-03-02 16:23:23,052 INFO aireGDL Downloaded measurement data for the device 13689
2021-03-02 16:23:23,612 INFO aireGDL Downloaded measurement data for the device: 13689 and sensor: 113
2021-03-02 16:23:24,179 INFO aireGDL Downloaded measurement data for the device: 13689 and sensor: 112
2021-03-02 16:23:24,870 INFO aireGDL Downloaded measurement data for the device: 13689 and sensor: 14
2021-03-02 16:23:25,472 INFO aireGDL Downloaded measurement data for the device: 13689 and sensor: 10
2021-03-02 16:23:26,003 INFO aireGDL Downloaded measurement data for the device: 13689 and sensor: 53
2021-03-02 16:23:26,536 INFO aireGDL Downloaded measurement data for the device: 13689 and sensor: 58
2021-03-02 16:23:27,120 INFO aireGDL Downloaded measurement data for the device: 13689 and sensor: 89
2021-03-02 16:23:27,669 INFO aireGDL Downloaded measurement data for the device: 13689 and sensor: 88
2021-03-02 16:23:28,278 INFO aireGDL Downloaded measurement data for the device: 13689 and sensor: 87
2021-03-02 16:23:28,979 INFO aireGDL Downloaded measurement data for the device: 13689 and sensor: 56
2021-03-02 16:23:29,556 INFO aireGDL Downloaded measurement data for the device: 13689 and sensor: 55
2021-03-02 16:23:29,965 INFO aireGDL Downloaded measurement data for the device 13702
2021-03-02 16:23:30,504 INFO aireGDL Downloaded measurement data for the device: 13702 and sensor: 113
2021-03-02 16:23:31,089 INFO aireGDL Downloaded measurement data for the device: 13702 and sensor: 112
2021-03-02 16:23:31,652 INFO aireGDL Downloaded measurement data for the device: 13702 and sensor: 14
2021-03-02 16:23:32,201 INFO aireGDL Downloaded measurement data for the device: 13702 and sensor: 10
2021-03-02 16:23:32,730 INFO aireGDL Downloaded measurement data for the device: 13702 and sensor: 53
2021-03-02 16:23:33,253 INFO aireGDL Downloaded measurement data for the device: 13702 and sensor: 58
2021-03-02 16:23:33,781 INFO aireGDL Downloaded measurement data for the device: 13702 and sensor: 89
2021-03-02 16:23:34,324 INFO aireGDL Downloaded measurement data for the device: 13702 and sensor: 88
2021-03-02 16:23:34,913 INFO aireGDL Downloaded measurement data for the device: 13702 and sensor: 87
2021-03-02 16:23:35,506 INFO aireGDL Downloaded measurement data for the device: 13702 and sensor: 56
2021-03-02 16:23:36,050 INFO aireGDL Downloaded measurement data for the device: 13702 and sensor: 55
2021-03-02 16:23:36,429 INFO aireGDL Downloaded measurement data for the device 13770
2021-03-02 16:23:36,802 INFO aireGDL Downloaded measurement data for the device: 13770 and sensor: 113
2021-03-02 16:23:37,175 INFO aireGDL Downloaded measurement data for the device: 13770 and sensor: 112
2021-03-02 16:23:37,545 INFO aireGDL Downloaded measurement data for the device: 13770 and sensor: 14
2021-03-02 16:23:37,929 INFO aireGDL Downloaded measurement data for the device: 13770 and sensor: 10
2021-03-02 16:23:38,303 INFO aireGDL Downloaded measurement data for the device: 13770 and sensor: 53
2021-03-02 16:23:38,692 INFO aireGDL Downloaded measurement data for the device: 13770 and sensor: 58
2021-03-02 16:23:39,121 INFO aireGDL Downloaded measurement data for the device: 13770 and sensor: 89
2021-03-02 16:23:39,495 INFO aireGDL Downloaded measurement data for the device: 13770 and sensor: 88
2021-03-02 16:23:39,869 INFO aireGDL Downloaded measurement data for the device: 13770 and sensor: 87
2021-03-02 16:23:40,245 INFO aireGDL Downloaded measurement data for the device: 13770 and sensor: 56
2021-03-02 16:23:40,624 INFO aireGDL Downloaded measurement data for the device: 13770 and sensor: 55
2021-03-02 16:23:40,998 INFO aireGDL Downloaded measurement data for the device 13771
2021-03-02 16:23:41,453 INFO aireGDL Downloaded measurement data for the device: 13771 and sensor: 113
2021-03-02 16:23:41,929 INFO aireGDL Downloaded measurement data for the device: 13771 and sensor: 112
2021-03-02 16:23:43,009 INFO aireGDL Downloaded measurement data for the device: 13771 and sensor: 14
2021-03-02 16:23:43,484 INFO aireGDL Downloaded measurement data for the device: 13771 and sensor: 10
2021-03-02 16:23:43,940 INFO aireGDL Downloaded measurement data for the device: 13771 and sensor: 53
2021-03-02 16:23:44,752 INFO aireGDL Downloaded measurement data for the device: 13771 and sensor: 58
2021-03-02 16:23:45,349 INFO aireGDL Downloaded measurement data for the device: 13771 and sensor: 89
2021-03-02 16:23:45,817 INFO aireGDL Downloaded measurement data for the device: 13771 and sensor: 88
2021-03-02 16:23:46,347 INFO aireGDL Downloaded measurement data for the device: 13771 and sensor: 87
2021-03-02 16:23:46,805 INFO aireGDL Downloaded measurement data for the device: 13771 and sensor: 56
2021-03-02 16:23:47,273 INFO aireGDL Downloaded measurement data for the device: 13771 and sensor: 55
2021-03-02 16:23:47,683 INFO aireGDL Downloaded measurement data for the device 13772
2021-03-02 16:23:48,029 INFO aireGDL Downloaded measurement data for the device: 13772 and sensor: 113
2021-03-02 16:23:48,416 INFO aireGDL Downloaded measurement data for the device: 13772 and sensor: 112
2021-03-02 16:23:48,830 INFO aireGDL Downloaded measurement data for the device: 13772 and sensor: 14
2021-03-02 16:23:49,261 INFO aireGDL Downloaded measurement data for the device: 13772 and sensor: 10
2021-03-02 16:23:49,663 INFO aireGDL Downloaded measurement data for the device: 13772 and sensor: 53
2021-03-02 16:23:50,036 INFO aireGDL Downloaded measurement data for the device: 13772 and sensor: 58
2021-03-02 16:23:50,447 INFO aireGDL Downloaded measurement data for the device: 13772 and sensor: 89
2021-03-02 16:23:50,837 INFO aireGDL Downloaded measurement data for the device: 13772 and sensor: 88
2021-03-02 16:23:51,284 INFO aireGDL Downloaded measurement data for the device: 13772 and sensor: 87
2021-03-02 16:23:51,671 INFO aireGDL Downloaded measurement data for the device: 13772 and sensor: 56
2021-03-02 16:23:52,038 INFO aireGDL Downloaded measurement data for the device: 13772 and sensor: 55
2021-03-02 16:23:53,114 INFO aireGDL Done with download
2021-03-02 16:23:53,114 INFO aireGDL Creating SQL engine
2021-03-02 16:23:54,816 INFO aireGDL Getting DB connection
2021-03-02 16:23:54,816 INFO aireGDL Creating SQL engine
2021-03-02 16:23:54,817 INFO aireGDL Uploading table smartcitizen to database
2021-03-02 16:24:06,950 INFO aireGDL Table smartcitizen in DB
2021-03-02 16:24:06,950 INFO aireGDL Data in DB
