2021-02-09 23:11:56,302 INFO aireGDL Downloaded a total of 952 for measures for 13164
2021-02-09 23:11:57,348 INFO aireGDL Downloaded a total of 298 for positions for 13164
2021-02-09 23:11:59,242 INFO aireGDL Interpolated position data for moving measurements for 13164
2021-02-09 23:12:02,842 INFO aireGDL Interpolated position data for stationary measurements for 13164
2021-02-09 23:18:56,084 INFO aireGDL Downloaded a total of 952 for measures for 13164
2021-02-09 23:18:57,032 INFO aireGDL Downloaded a total of 298 for positions for 13164
2021-02-09 23:18:58,846 INFO aireGDL Interpolated position data for moving measurements for 13164
2021-02-09 23:19:02,407 INFO aireGDL Interpolated position data for stationary measurements for 13164
2021-02-09 23:29:56,651 INFO aireGDL Downloaded a total of 952 for measures for 13164
2021-02-09 23:29:57,611 INFO aireGDL Downloaded a total of 298 for positions for 13164
2021-02-09 23:29:59,412 INFO aireGDL Interpolated position data for moving measurements for 13164
2021-02-09 23:30:02,995 INFO aireGDL Interpolated position data for stationary measurements for 13164
2021-02-09 23:32:48,378 INFO aireGDL Downloaded a total of 952 for measures for 13164
2021-02-09 23:32:49,328 INFO aireGDL Downloaded a total of 298 for positions for 13164
2021-02-09 23:32:51,060 INFO aireGDL Interpolated position data for moving measurements for 13164
2021-02-09 23:32:54,570 INFO aireGDL Interpolated position data for stationary measurements for 13164
2021-02-09 23:32:54,602 INFO aireGDL Changed timezone for 13164
2021-02-09 23:33:08,715 INFO aireGDL Downloaded a total of 952 for measures for 13164
2021-02-09 23:33:09,514 INFO aireGDL Downloaded a total of 298 for positions for 13164
2021-02-09 23:33:11,287 INFO aireGDL Interpolated position data for moving measurements for 13164
2021-02-09 23:33:14,863 INFO aireGDL Interpolated position data for stationary measurements for 13164
2021-02-09 23:33:14,895 INFO aireGDL Changed timezone for 13164
2021-02-09 23:33:44,253 INFO aireGDL Downloaded a total of 952 for measures for 13164
2021-02-09 23:33:45,044 INFO aireGDL Downloaded a total of 298 for positions for 13164
2021-02-09 23:33:46,815 INFO aireGDL Interpolated position data for moving measurements for 13164
2021-02-09 23:33:50,377 INFO aireGDL Interpolated position data for stationary measurements for 13164
2021-02-09 23:33:50,408 INFO aireGDL Changed timezone for 13164
