2021-06-29 15:03:13,728 INFO aireGDL Starting script
2021-06-29 15:03:14,168 INFO aireGDL Downloaded a total of 0 for measures for 13164
2021-06-29 15:03:14,496 INFO aireGDL Downloaded a total of 0 for positions for 13164
2021-06-29 15:03:25,688 INFO aireGDL Downloaded a total of 10255 for measures for 13335
2021-06-29 15:03:26,331 INFO aireGDL Downloaded a total of 460 for positions for 13335
2021-06-29 15:03:32,493 INFO aireGDL Interpolated position data for moving measurements for 13335
2021-06-29 15:07:02,726 INFO aireGDL Interpolated position data for stationary measurements for 13335
2021-06-29 15:07:03,184 INFO aireGDL Changed timezone for 13335
2021-06-29 15:07:03,926 INFO aireGDL Interpolated air quality data for position measurements for 13335
2021-06-29 15:07:04,370 INFO aireGDL Done with download
2021-06-29 15:07:04,370 INFO aireGDL Creating SQL engine
2021-06-29 15:07:11,727 INFO aireGDL Getting DB connection
2021-06-29 15:07:11,728 INFO aireGDL Creating SQL engine
2021-06-29 15:07:11,730 INFO aireGDL Uploading table plumbe to database
2021-06-29 15:07:16,968 INFO aireGDL Starting script
2021-06-29 15:07:25,506 INFO aireGDL Downloaded data from Smart Citizen with the tag PIPCiudadFuturo
2021-06-29 15:07:25,948 INFO aireGDL Downloaded measurement data for the device 13450
2021-06-29 15:07:27,916 INFO aireGDL Downloaded measurement data for the device: 13450 and sensor: 113
2021-06-29 15:07:30,336 INFO aireGDL Table plumbe in DB
2021-06-29 15:07:30,336 INFO aireGDL Data in DB
2021-06-29 15:07:30,740 INFO aireGDL Downloaded a total of 0 for measures for 13954
2021-06-29 15:07:31,066 INFO aireGDL Downloaded a total of 0 for positions for 13954
2021-06-29 15:07:31,391 INFO aireGDL Downloaded a total of 0 for measures for 13920
2021-06-29 15:07:31,748 INFO aireGDL Downloaded a total of 0 for positions for 13920
2021-06-29 15:07:32,971 INFO aireGDL Downloaded measurement data for the device: 13450 and sensor: 112
2021-06-29 15:07:34,185 INFO aireGDL Downloaded measurement data for the device: 13450 and sensor: 14
2021-06-29 15:07:37,582 INFO aireGDL Downloaded a total of 5773 for measures for 14835
2021-06-29 15:07:37,602 INFO aireGDL Downloaded measurement data for the device: 13450 and sensor: 10
2021-06-29 15:07:38,277 INFO aireGDL Downloaded a total of 848 for positions for 14835
2021-06-29 15:07:39,083 INFO aireGDL Downloaded measurement data for the device: 13450 and sensor: 53
2021-06-29 15:07:51,069 INFO aireGDL Interpolated position data for moving measurements for 14835
2021-06-29 15:11:03,825 INFO aireGDL Interpolated position data for stationary measurements for 14835
2021-06-29 15:11:03,970 INFO aireGDL Changed timezone for 14835
2021-06-29 15:11:04,356 INFO aireGDL Interpolated air quality data for position measurements for 14835
2021-06-29 15:11:04,720 INFO aireGDL Done with download
2021-06-29 15:11:04,722 INFO aireGDL Creating SQL engine
2021-06-29 15:11:09,702 INFO aireGDL Getting DB connection
2021-06-29 15:11:09,702 INFO aireGDL Creating SQL engine
2021-06-29 15:11:09,703 INFO aireGDL Uploading table plumbe to database
2021-06-29 15:11:37,563 INFO aireGDL Table plumbe in DB
2021-06-29 15:11:37,564 INFO aireGDL Data in DB
2021-06-29 15:11:38,258 INFO aireGDL Downloaded a total of 0 for measures for 13178
2021-06-29 15:11:38,594 INFO aireGDL Downloaded a total of 0 for positions for 13178
2021-06-29 15:13:16,227 INFO aireGDL Downloaded a total of 34969 for measures for 14002
2021-06-29 15:13:44,599 INFO aireGDL Downloaded a total of 27121 for positions for 14002
2021-06-29 15:22:11,539 INFO aireGDL Interpolated position data for moving measurements for 14002
2021-06-29 15:36:40,314 INFO aireGDL Interpolated position data for stationary measurements for 14002
2021-06-29 15:36:41,235 INFO aireGDL Changed timezone for 14002
2021-06-29 15:36:41,782 INFO aireGDL Interpolated air quality data for position measurements for 14002
2021-06-29 15:36:42,700 INFO aireGDL Done with download
2021-06-29 15:36:42,700 INFO aireGDL Creating SQL engine
2021-06-29 15:36:49,768 INFO aireGDL Getting DB connection
2021-06-29 15:36:49,769 INFO aireGDL Creating SQL engine
2021-06-29 15:36:49,770 INFO aireGDL Uploading table plumbe to database
2021-06-29 15:38:17,627 INFO aireGDL Table plumbe in DB
2021-06-29 15:38:17,628 INFO aireGDL Data in DB
2021-06-29 15:38:18,830 INFO aireGDL Downloaded a total of 0 for measures for 13116
2021-06-29 15:38:19,916 INFO aireGDL Downloaded a total of 0 for positions for 13116
2021-06-29 15:38:20,729 INFO aireGDL Downloaded a total of 0 for measures for 13684
2021-06-29 15:38:21,844 INFO aireGDL Downloaded a total of 0 for positions for 13684
2021-06-29 15:38:33,808 INFO aireGDL Downloaded a total of 2811 for measures for 15602
2021-06-29 15:38:36,478 INFO aireGDL Downloaded a total of 2612 for positions for 15602
2021-06-29 15:38:39,804 INFO aireGDL Interpolated position data for moving measurements for 15602
2021-06-29 15:39:03,892 INFO aireGDL Interpolated position data for stationary measurements for 15602
2021-06-29 15:39:03,941 INFO aireGDL Changed timezone for 15602
2021-06-29 15:39:04,114 INFO aireGDL Interpolated air quality data for position measurements for 15602
2021-06-29 15:39:04,273 INFO aireGDL Done with download
2021-06-29 15:39:04,273 INFO aireGDL Creating SQL engine
2021-06-29 15:39:14,342 INFO aireGDL Getting DB connection
2021-06-29 15:39:14,342 INFO aireGDL Creating SQL engine
2021-06-29 15:39:14,343 INFO aireGDL Uploading table plumbe to database
2021-06-29 15:39:52,438 INFO aireGDL Table plumbe in DB
2021-06-29 15:39:52,439 INFO aireGDL Data in DB
2021-06-29 15:39:53,010 INFO aireGDL Downloaded a total of 0 for measures for 14823
2021-06-29 15:39:53,793 INFO aireGDL Downloaded a total of 0 for positions for 14823
2021-06-29 15:39:54,336 INFO aireGDL Downloaded a total of 0 for measures for 13597
2021-06-29 15:39:54,826 INFO aireGDL Downloaded a total of 0 for positions for 13597
2021-06-29 15:40:00,570 INFO aireGDL Downloaded a total of 3234 for measures for 14811
2021-06-29 15:40:01,067 INFO aireGDL Downloaded a total of 55 for positions for 14811
2021-06-29 15:40:01,469 INFO aireGDL Interpolated position data for moving measurements for 14811
2021-06-29 15:40:30,951 INFO aireGDL Interpolated position data for stationary measurements for 14811
2021-06-29 15:40:31,003 INFO aireGDL Changed timezone for 14811
2021-06-29 15:40:31,109 INFO aireGDL Interpolated air quality data for position measurements for 14811
2021-06-29 15:40:31,275 INFO aireGDL Done with download
2021-06-29 15:40:31,275 INFO aireGDL Creating SQL engine
2021-06-29 15:40:39,142 INFO aireGDL Getting DB connection
2021-06-29 15:40:39,142 INFO aireGDL Creating SQL engine
2021-06-29 15:40:39,143 INFO aireGDL Uploading table plumbe to database
2021-06-29 15:41:38,555 INFO aireGDL Table plumbe in DB
2021-06-29 15:41:38,555 INFO aireGDL Data in DB
2021-06-29 15:41:38,973 INFO aireGDL Downloaded a total of 0 for measures for 13593
2021-06-29 15:41:39,326 INFO aireGDL Downloaded a total of 0 for positions for 13593
2021-06-29 15:41:40,844 INFO aireGDL Downloaded a total of 953 for measures for 13703
2021-06-29 15:41:41,249 INFO aireGDL Downloaded a total of 95 for positions for 13703
2021-06-29 15:41:41,557 INFO aireGDL Interpolated position data for moving measurements for 13703
2021-06-29 15:41:46,132 INFO aireGDL Interpolated position data for stationary measurements for 13703
2021-06-29 15:41:46,146 INFO aireGDL Changed timezone for 13703
2021-06-29 15:41:46,176 INFO aireGDL Interpolated air quality data for position measurements for 13703
2021-06-29 15:41:46,233 INFO aireGDL Done with download
2021-06-29 15:41:46,234 INFO aireGDL Creating SQL engine
2021-06-29 15:41:51,156 INFO aireGDL Getting DB connection
2021-06-29 15:41:51,157 INFO aireGDL Creating SQL engine
2021-06-29 15:41:51,157 INFO aireGDL Uploading table plumbe to database
2021-06-29 15:42:21,655 INFO aireGDL Table plumbe in DB
2021-06-29 15:42:21,655 INFO aireGDL Data in DB
2021-06-29 15:42:22,072 INFO aireGDL Downloaded a total of 0 for measures for 14829
2021-06-29 15:42:22,395 INFO aireGDL Downloaded a total of 0 for positions for 14829
2021-06-29 15:53:42,196 INFO aireGDL Starting script
2021-06-29 15:54:38,931 INFO aireGDL Starting script
2021-06-29 15:59:07,016 INFO aireGDL Starting script
2021-06-29 16:01:49,708 INFO aireGDL Starting script
2021-06-29 16:01:57,497 INFO aireGDL Issue with 13093: 'NoneType' object has no attribute 'keys'
2021-06-29 16:01:59,152 INFO aireGDL Issue with 13093: 'NoneType' object has no attribute 'keys'
2021-06-29 16:02:13,626 INFO aireGDL Downloaded a total of 26276 for measures for 13093
2021-06-29 16:02:17,962 INFO aireGDL Downloaded a total of 7166 for positions for 13093
2021-06-29 16:03:15,105 INFO aireGDL Starting script
2021-06-29 16:03:21,542 INFO aireGDL Issue with 14204: 'NoneType' object has no attribute 'keys'
2021-06-29 16:03:23,104 INFO aireGDL Issue with 14204: 'NoneType' object has no attribute 'keys'
2021-06-29 16:03:27,068 INFO aireGDL Downloaded a total of 10087 for measures for 14204
2021-06-29 16:03:29,033 INFO aireGDL Downloaded a total of 3086 for positions for 14204
2021-06-29 16:03:40,842 INFO aireGDL Interpolated position data for moving measurements for 14204
2021-06-29 16:04:38,817 INFO aireGDL Interpolated position data for stationary measurements for 14204
2021-06-29 16:04:39,008 INFO aireGDL Changed timezone for 14204
2021-06-29 16:04:39,118 INFO aireGDL Interpolated air quality data for position measurements for 14204
2021-06-29 16:04:39,262 INFO aireGDL Done with download
2021-06-29 16:04:39,263 INFO aireGDL Creating SQL engine
2021-06-29 16:04:45,739 INFO aireGDL Getting DB connection
2021-06-29 16:04:45,739 INFO aireGDL Creating SQL engine
2021-06-29 16:04:45,740 INFO aireGDL Uploading table plumbe to database
2021-06-29 16:05:10,716 INFO aireGDL Table plumbe in DB
2021-06-29 16:05:10,716 INFO aireGDL Data in DB
2021-06-29 16:05:15,872 INFO aireGDL Issue with 14834: 'NoneType' object has no attribute 'keys'
2021-06-29 16:05:23,533 INFO aireGDL Downloaded a total of 11785 for measures for 14834
2021-06-29 16:05:24,982 INFO aireGDL Downloaded a total of 2683 for positions for 14834
2021-06-29 16:05:34,268 INFO aireGDL Interpolated position data for moving measurements for 14834
2021-06-29 17:20:37,452 INFO aireGDL Starting script
2021-06-29 17:20:41,564 INFO aireGDL Issue with 14834: 'NoneType' object has no attribute 'keys'
2021-06-29 17:20:47,289 INFO aireGDL Downloaded a total of 11785 for measures for 14834
2021-06-29 17:20:48,824 INFO aireGDL Downloaded a total of 2683 for positions for 14834
2021-06-29 17:20:58,406 INFO aireGDL Interpolated position data for moving measurements for 14834
2021-06-29 17:52:08,237 INFO aireGDL Creating SQL engine
2021-06-29 17:52:08,303 INFO aireGDL Getting mimacro_data_day from DB
2021-06-29 18:03:47,171 INFO aireGDL Creating SQL engine
2021-06-29 18:03:47,240 INFO aireGDL Getting mimacro_data_day from DB
2021-06-29 18:04:35,414 INFO aireGDL mimacro_data_day retrived
2021-06-29 18:04:35,414 INFO aireGDL Creating SQL engine
2021-06-29 18:04:42,109 INFO aireGDL Getting DB connection
2021-06-29 18:04:42,109 INFO aireGDL Creating SQL engine
2021-06-29 18:04:42,110 INFO aireGDL Uploading table mimacro_data_day to database
2021-06-29 18:04:45,583 INFO aireGDL Starting script
2021-06-29 18:04:59,430 INFO aireGDL Issue with 13093: 'NoneType' object has no attribute 'keys'
2021-06-29 18:05:00,569 INFO aireGDL Issue with 13093: 'NoneType' object has no attribute 'keys'
2021-06-29 18:05:13,085 INFO aireGDL Downloaded a total of 26276 for measures for 13093
2021-06-29 18:05:16,943 INFO aireGDL Downloaded a total of 7166 for positions for 13093
2021-06-29 18:06:13,966 INFO aireGDL Interpolated position data for moving measurements for 13093
2021-06-29 18:07:31,233 INFO aireGDL Table mimacro_data_day in DB
2021-06-29 18:07:31,233 INFO aireGDL data.mimacro_data_day migrated
2021-06-29 18:07:31,310 INFO aireGDL Creating SQL engine
2021-06-29 18:07:31,310 INFO aireGDL Getting mimacro_data_week from DB
2021-06-29 18:07:47,750 INFO aireGDL mimacro_data_week retrived
2021-06-29 18:07:47,751 INFO aireGDL Creating SQL engine
2021-06-29 18:07:54,000 INFO aireGDL Getting DB connection
2021-06-29 18:07:54,000 INFO aireGDL Creating SQL engine
2021-06-29 18:07:54,001 INFO aireGDL Uploading table mimacro_data_week to database
2021-06-29 18:08:48,396 INFO aireGDL Table mimacro_data_week in DB
2021-06-29 18:08:48,396 INFO aireGDL data.mimacro_data_week migrated
2021-06-29 18:08:48,424 INFO aireGDL Creating SQL engine
2021-06-29 18:08:48,425 INFO aireGDL Getting simaj_data_day from DB
2021-06-29 18:09:11,570 INFO aireGDL simaj_data_day retrived
2021-06-29 18:09:11,570 INFO aireGDL Creating SQL engine
2021-06-29 18:09:16,856 INFO aireGDL Getting DB connection
2021-06-29 18:09:16,857 INFO aireGDL Creating SQL engine
2021-06-29 18:09:16,858 INFO aireGDL Uploading table simaj_data_day to database
2021-06-29 18:10:17,508 INFO aireGDL Table simaj_data_day in DB
2021-06-29 18:10:17,508 INFO aireGDL data.simaj_data_day migrated
2021-06-29 18:10:17,530 INFO aireGDL Creating SQL engine
2021-06-29 18:10:17,531 INFO aireGDL Getting simaj_data_hour from DB
2021-06-29 18:14:10,734 INFO aireGDL Interpolated position data for stationary measurements for 13093
2021-06-29 18:14:11,208 INFO aireGDL Changed timezone for 13093
2021-06-29 18:14:11,732 INFO aireGDL Interpolated air quality data for position measurements for 13093
2021-06-29 18:14:12,379 INFO aireGDL Done with download
2021-06-29 18:14:12,379 INFO aireGDL Creating SQL engine
2021-06-29 18:14:21,759 INFO aireGDL Getting DB connection
2021-06-29 18:14:21,761 INFO aireGDL Creating SQL engine
2021-06-29 18:14:21,762 INFO aireGDL Uploading table plumbe to database
2021-06-29 18:14:47,497 INFO aireGDL Table plumbe in DB
2021-06-29 18:14:47,497 INFO aireGDL Data in DB
2021-06-29 18:14:47,901 INFO aireGDL Downloaded a total of 0 for measures for 14618
2021-06-29 18:14:48,226 INFO aireGDL Downloaded a total of 0 for positions for 14618
2021-06-29 18:14:49,825 INFO aireGDL Downloaded a total of 1962 for measures for 13595
2021-06-29 18:14:50,223 INFO aireGDL Downloaded a total of 163 for positions for 13595
2021-06-29 18:14:51,473 INFO aireGDL Interpolated position data for moving measurements for 13595
2021-06-29 18:15:01,762 INFO aireGDL simaj_data_hour retrived
2021-06-29 18:15:01,774 INFO aireGDL Creating SQL engine
2021-06-29 18:15:07,011 INFO aireGDL Getting DB connection
2021-06-29 18:15:07,011 INFO aireGDL Creating SQL engine
2021-06-29 18:15:07,012 INFO aireGDL Uploading table simaj_data_hour to database
2021-06-29 18:15:18,155 INFO aireGDL Interpolated position data for stationary measurements for 13595
2021-06-29 18:15:18,200 INFO aireGDL Changed timezone for 13595
2021-06-29 18:15:18,353 INFO aireGDL Interpolated air quality data for position measurements for 13595
2021-06-29 18:15:18,458 INFO aireGDL Done with download
2021-06-29 18:15:18,458 INFO aireGDL Creating SQL engine
2021-06-29 18:15:23,865 INFO aireGDL Getting DB connection
2021-06-29 18:15:23,865 INFO aireGDL Creating SQL engine
2021-06-29 18:15:23,870 INFO aireGDL Uploading table plumbe to database
2021-06-29 18:15:38,595 INFO aireGDL Table plumbe in DB
2021-06-29 18:15:38,595 INFO aireGDL Data in DB
2021-06-29 18:20:02,751 INFO aireGDL Starting script
2021-06-29 18:20:48,531 INFO aireGDL Starting script
2021-06-29 18:20:49,332 INFO aireGDL Downloaded a total of 0 for measures for 14709
2021-06-29 18:20:49,727 INFO aireGDL Downloaded a total of 0 for positions for 14709
2021-06-29 18:21:07,791 INFO aireGDL Downloaded a total of 19740 for measures for 13949
2021-06-29 18:21:22,815 INFO aireGDL Downloaded a total of 24252 for positions for 13949
2021-06-29 18:22:52,365 INFO aireGDL Interpolated position data for moving measurements for 13949
2021-06-29 18:30:00,959 INFO aireGDL Table simaj_data_hour in DB
2021-06-29 18:30:00,959 INFO aireGDL data.simaj_data_hour migrated
2021-06-29 18:30:01,630 INFO aireGDL Creating SQL engine
2021-06-29 18:30:01,630 INFO aireGDL Getting simaj_data_week from DB
2021-06-29 18:30:14,423 INFO aireGDL simaj_data_week retrived
2021-06-29 18:30:14,424 INFO aireGDL Creating SQL engine
2021-06-29 18:30:20,855 INFO aireGDL Getting DB connection
2021-06-29 18:30:20,856 INFO aireGDL Creating SQL engine
2021-06-29 18:30:20,857 INFO aireGDL Uploading table simaj_data_week to database
2021-06-29 18:30:29,686 INFO aireGDL Interpolated position data for stationary measurements for 13949
2021-06-29 18:30:30,508 INFO aireGDL Changed timezone for 13949
2021-06-29 18:30:31,291 INFO aireGDL Interpolated air quality data for position measurements for 13949
2021-06-29 18:30:32,388 INFO aireGDL Done with download
2021-06-29 18:30:32,388 INFO aireGDL Creating SQL engine
2021-06-29 18:30:35,811 INFO aireGDL Table simaj_data_week in DB
2021-06-29 18:30:35,811 INFO aireGDL data.simaj_data_week migrated
2021-06-29 18:30:35,815 INFO aireGDL Creating SQL engine
2021-06-29 18:30:35,816 INFO aireGDL Getting estaciones_gdl from DB
2021-06-29 18:30:39,051 INFO aireGDL Getting DB connection
2021-06-29 18:30:39,051 INFO aireGDL Creating SQL engine
2021-06-29 18:30:39,052 INFO aireGDL Uploading table plumbe to database
2021-06-29 18:30:42,833 INFO aireGDL estaciones_gdl retrived
2021-06-29 18:30:42,833 INFO aireGDL Creating SQL engine
2021-06-29 18:30:50,411 INFO aireGDL Getting DB connection
2021-06-29 18:30:50,411 INFO aireGDL Creating SQL engine
2021-06-29 18:30:50,413 INFO aireGDL Uploading table estaciones_gdl to database
2021-06-29 18:30:56,825 INFO aireGDL Table estaciones_gdl in DB
2021-06-29 18:30:56,825 INFO aireGDL estaciones.estaciones_gdl migrated
2021-06-29 18:30:56,826 INFO aireGDL Creating SQL engine
2021-06-29 18:30:56,827 INFO aireGDL Getting estaciones_simaj from DB
2021-06-29 18:31:02,588 INFO aireGDL Table plumbe in DB
2021-06-29 18:31:02,588 INFO aireGDL Data in DB
2021-06-29 18:31:02,625 INFO aireGDL estaciones_simaj retrived
2021-06-29 18:31:02,625 INFO aireGDL Creating SQL engine
2021-06-29 18:31:02,993 INFO aireGDL Downloaded a total of 0 for measures for 14616
2021-06-29 18:31:03,336 INFO aireGDL Downloaded a total of 0 for positions for 14616
2021-06-29 18:31:05,430 INFO aireGDL Downloaded a total of 2606 for measures for 14794
2021-06-29 18:31:06,401 INFO aireGDL Downloaded a total of 1827 for positions for 14794
2021-06-29 18:31:07,033 INFO aireGDL Getting DB connection
2021-06-29 18:31:07,034 INFO aireGDL Creating SQL engine
2021-06-29 18:31:07,035 INFO aireGDL Uploading table estaciones_simaj to database
2021-06-29 18:31:09,690 INFO aireGDL Interpolated position data for moving measurements for 14794
2021-06-29 18:31:14,413 INFO aireGDL Table estaciones_simaj in DB
2021-06-29 18:31:14,413 INFO aireGDL estaciones_simaj.estaciones_simaj migrated
2021-06-29 18:31:14,413 INFO aireGDL All done.
2021-06-29 18:31:25,726 INFO aireGDL Interpolated position data for stationary measurements for 14794
2021-06-29 18:31:25,777 INFO aireGDL Changed timezone for 14794
2021-06-29 18:31:25,872 INFO aireGDL Interpolated air quality data for position measurements for 14794
2021-06-29 18:31:25,958 INFO aireGDL Done with download
2021-06-29 18:31:25,959 INFO aireGDL Creating SQL engine
2021-06-29 18:31:31,720 INFO aireGDL Getting DB connection
2021-06-29 18:31:31,721 INFO aireGDL Creating SQL engine
2021-06-29 18:31:31,721 INFO aireGDL Uploading table plumbe to database
2021-06-29 18:32:00,495 INFO aireGDL Table plumbe in DB
2021-06-29 18:32:00,496 INFO aireGDL Data in DB
2021-06-29 18:32:00,845 INFO aireGDL Downloaded a total of 0 for measures for 13360
2021-06-29 18:32:01,171 INFO aireGDL Downloaded a total of 0 for positions for 13360
2021-06-29 18:32:01,491 INFO aireGDL Downloaded a total of 0 for measures for 13946
2021-06-29 18:32:01,803 INFO aireGDL Downloaded a total of 0 for positions for 13946
2021-06-29 18:32:03,355 INFO aireGDL Downloaded a total of 1897 for measures for 14669
2021-06-29 18:32:09,344 INFO aireGDL Downloaded a total of 11373 for positions for 14669
2021-06-29 18:32:18,908 INFO aireGDL Interpolated position data for moving measurements for 14669
2021-06-29 22:47:11,966 INFO aireGDL Creating SQL engine
2021-06-29 22:47:12,055 INFO aireGDL Getting data from DB
2021-06-29 22:47:16,676 INFO aireGDL Data retrived
2021-06-29 22:47:17,365 INFO aireGDL Loaded air quality by day database
2021-06-29 22:47:17,374 INFO aireGDL Creating SQL engine
2021-06-29 22:47:17,376 INFO aireGDL Getting puntos_pip from DB
2021-06-29 22:47:19,363 INFO aireGDL puntos_pip retrived
2021-06-29 22:47:19,364 INFO aireGDL Loaded PIP stations
2021-06-29 22:47:19,369 INFO aireGDL Created id column by PIP station database
2021-06-29 22:47:19,622 INFO aireGDL Checkpoint, 0 iterations
2021-06-29 22:57:47,716 INFO aireGDL Checkpoint, 10000 iterations
2021-06-29 23:06:33,471 INFO aireGDL Checkpoint, 20000 iterations
2021-06-29 23:06:51,994 INFO aireGDL Empty value at parameter: PM10, date: 2016-10-13 and iteration: 20320
2021-06-29 23:06:52,494 INFO aireGDL Empty value at parameter: NO2, date: 2016-10-13 and iteration: 20328
2021-06-29 23:06:52,817 INFO aireGDL Empty value at parameter: SO2, date: 2016-10-13 and iteration: 20332
2021-06-29 23:06:53,048 INFO aireGDL Empty value at parameter: O3, date: 2016-10-13 and iteration: 20336
2021-06-29 23:06:53,283 INFO aireGDL Empty value at parameter: PM10, date: 2016-10-14 and iteration: 20340
2021-06-29 23:06:53,697 INFO aireGDL Empty value at parameter: NO2, date: 2016-10-14 and iteration: 20348
2021-06-29 23:06:53,997 INFO aireGDL Empty value at parameter: SO2, date: 2016-10-14 and iteration: 20352
2021-06-29 23:06:54,260 INFO aireGDL Empty value at parameter: O3, date: 2016-10-14 and iteration: 20356
2021-06-29 23:06:54,483 INFO aireGDL Empty value at parameter: PM10, date: 2016-10-15 and iteration: 20360
2021-06-29 23:06:54,937 INFO aireGDL Empty value at parameter: NO2, date: 2016-10-15 and iteration: 20368
2021-06-29 23:06:55,195 INFO aireGDL Empty value at parameter: SO2, date: 2016-10-15 and iteration: 20372
2021-06-29 23:06:55,407 INFO aireGDL Empty value at parameter: O3, date: 2016-10-15 and iteration: 20376
2021-06-29 23:06:55,636 INFO aireGDL Empty value at parameter: PM10, date: 2016-10-16 and iteration: 20380
2021-06-29 23:06:56,000 INFO aireGDL Empty value at parameter: NO2, date: 2016-10-16 and iteration: 20388
2021-06-29 23:06:56,185 INFO aireGDL Empty value at parameter: SO2, date: 2016-10-16 and iteration: 20392
2021-06-29 23:06:56,360 INFO aireGDL Empty value at parameter: O3, date: 2016-10-16 and iteration: 20396
2021-06-29 23:06:56,521 INFO aireGDL Empty value at parameter: PM10, date: 2016-10-17 and iteration: 20400
2021-06-29 23:06:56,827 INFO aireGDL Empty value at parameter: NO2, date: 2016-10-17 and iteration: 20408
2021-06-29 23:06:56,978 INFO aireGDL Empty value at parameter: SO2, date: 2016-10-17 and iteration: 20412
2021-06-29 23:06:57,200 INFO aireGDL Empty value at parameter: O3, date: 2016-10-17 and iteration: 20416
2021-06-29 23:06:57,462 INFO aireGDL Empty value at parameter: PM10, date: 2016-10-18 and iteration: 20420
2021-06-29 23:06:57,887 INFO aireGDL Empty value at parameter: NO2, date: 2016-10-18 and iteration: 20428
2021-06-29 23:06:58,098 INFO aireGDL Empty value at parameter: SO2, date: 2016-10-18 and iteration: 20432
2021-06-29 23:06:58,328 INFO aireGDL Empty value at parameter: O3, date: 2016-10-18 and iteration: 20436
2021-06-29 23:06:58,597 INFO aireGDL Empty value at parameter: PM10, date: 2016-10-19 and iteration: 20440
2021-06-29 23:06:59,031 INFO aireGDL Empty value at parameter: NO2, date: 2016-10-19 and iteration: 20448
2021-06-29 23:06:59,198 INFO aireGDL Empty value at parameter: SO2, date: 2016-10-19 and iteration: 20452
2021-06-29 23:06:59,369 INFO aireGDL Empty value at parameter: O3, date: 2016-10-19 and iteration: 20456
2021-06-29 23:06:59,999 INFO aireGDL Empty value at parameter: NO2, date: 2016-10-20 and iteration: 20468
2021-06-29 23:07:00,223 INFO aireGDL Empty value at parameter: SO2, date: 2016-10-20 and iteration: 20472
2021-06-29 23:07:00,459 INFO aireGDL Empty value at parameter: O3, date: 2016-10-20 and iteration: 20476
2021-06-29 23:07:01,119 INFO aireGDL Empty value at parameter: NO2, date: 2016-10-21 and iteration: 20488
2021-06-29 23:07:01,360 INFO aireGDL Empty value at parameter: SO2, date: 2016-10-21 and iteration: 20492
2021-06-29 23:07:01,589 INFO aireGDL Empty value at parameter: O3, date: 2016-10-21 and iteration: 20496
2021-06-29 23:07:01,815 INFO aireGDL Empty value at parameter: PM10, date: 2016-10-22 and iteration: 20500
2021-06-29 23:07:02,267 INFO aireGDL Empty value at parameter: NO2, date: 2016-10-22 and iteration: 20508
2021-06-29 23:07:02,488 INFO aireGDL Empty value at parameter: SO2, date: 2016-10-22 and iteration: 20512
2021-06-29 23:07:02,700 INFO aireGDL Empty value at parameter: O3, date: 2016-10-22 and iteration: 20516
2021-06-29 23:07:02,947 INFO aireGDL Empty value at parameter: PM10, date: 2016-10-23 and iteration: 20520
2021-06-29 23:07:03,391 INFO aireGDL Empty value at parameter: NO2, date: 2016-10-23 and iteration: 20528
2021-06-29 23:07:03,604 INFO aireGDL Empty value at parameter: SO2, date: 2016-10-23 and iteration: 20532
2021-06-29 23:07:03,820 INFO aireGDL Empty value at parameter: O3, date: 2016-10-23 and iteration: 20536
2021-06-29 23:07:04,041 INFO aireGDL Empty value at parameter: PM10, date: 2016-10-24 and iteration: 20540
2021-06-29 23:07:04,361 INFO aireGDL Empty value at parameter: NO2, date: 2016-10-24 and iteration: 20548
2021-06-29 23:07:04,520 INFO aireGDL Empty value at parameter: SO2, date: 2016-10-24 and iteration: 20552
2021-06-29 23:07:04,672 INFO aireGDL Empty value at parameter: O3, date: 2016-10-24 and iteration: 20556
2021-06-29 23:07:36,896 INFO aireGDL Empty value at parameter: PM10, date: 2016-11-26 and iteration: 21200
2021-06-29 23:07:37,353 INFO aireGDL Empty value at parameter: NO2, date: 2016-11-26 and iteration: 21208
2021-06-29 23:07:37,595 INFO aireGDL Empty value at parameter: SO2, date: 2016-11-26 and iteration: 21212
2021-06-29 23:07:37,805 INFO aireGDL Empty value at parameter: O3, date: 2016-11-26 and iteration: 21216
2021-06-29 23:15:03,157 INFO aireGDL Checkpoint, 30000 iterations
2021-06-29 23:23:45,798 INFO aireGDL Checkpoint, 40000 iterations
2021-06-29 23:27:05,969 INFO aireGDL Created MiMacro DataFrame with interpolations
2021-06-29 23:27:05,969 INFO aireGDL Creating SQL engine
2021-06-29 23:27:07,818 INFO aireGDL Getting DB connection
2021-06-29 23:27:07,818 INFO aireGDL Creating SQL engine
2021-06-29 23:27:07,819 INFO aireGDL Uploading table pip_data_day to database
2021-06-29 23:27:26,035 INFO aireGDL Table pip_data_day in DB
2021-06-29 23:27:26,035 INFO aireGDL Uploaded database for PIP by day
