2021-02-10 00:56:03,901 INFO aireGDL Downloaded a total of 952 for measures for 13164
2021-02-10 00:56:04,877 INFO aireGDL Downloaded a total of 298 for positions for 13164
2021-02-10 00:56:06,828 INFO aireGDL Interpolated position data for moving measurements for 13164
2021-02-10 00:56:10,393 INFO aireGDL Interpolated position data for stationary measurements for 13164
2021-02-10 00:56:10,424 INFO aireGDL Changed timezone for 13164
2021-02-10 00:56:10,446 INFO aireGDL Interpolated air quality data for position measurements for 13164
2021-02-10 00:56:11,308 INFO aireGDL Downloaded a total of 0 for measures for 13335
2021-02-10 00:56:12,060 INFO aireGDL Downloaded a total of 0 for positions for 13335
2021-02-10 00:56:13,230 INFO aireGDL Downloaded a total of 388 for measures for 13954
2021-02-10 00:56:13,981 INFO aireGDL Downloaded a total of 9 for positions for 13954
2021-02-10 00:56:14,071 INFO aireGDL Interpolated position data for moving measurements for 13954
2021-02-10 00:56:15,831 INFO aireGDL Interpolated position data for stationary measurements for 13954
2021-02-10 00:56:15,845 INFO aireGDL Changed timezone for 13954
2021-02-10 00:56:15,862 INFO aireGDL Interpolated air quality data for position measurements for 13954
2021-02-10 00:56:21,041 INFO aireGDL Downloaded a total of 5170 for measures for 13920
2021-02-10 00:56:23,165 INFO aireGDL Downloaded a total of 2528 for positions for 13920
2021-02-10 01:01:45,606 INFO aireGDL Downloaded a total of 952 for measures for 13164
2021-02-10 01:01:46,552 INFO aireGDL Downloaded a total of 298 for positions for 13164
2021-02-10 01:01:48,302 INFO aireGDL Interpolated position data for moving measurements for 13164
2021-02-10 01:01:51,826 INFO aireGDL Interpolated position data for stationary measurements for 13164
2021-02-10 01:01:51,857 INFO aireGDL Changed timezone for 13164
2021-02-10 01:01:51,879 INFO aireGDL Interpolated air quality data for position measurements for 13164
2021-02-10 01:01:52,720 INFO aireGDL Downloaded a total of 0 for measures for 13335
2021-02-10 01:01:53,452 INFO aireGDL Downloaded a total of 0 for positions for 13335
2021-02-10 01:01:54,655 INFO aireGDL Downloaded a total of 388 for measures for 13954
2021-02-10 01:01:55,422 INFO aireGDL Downloaded a total of 9 for positions for 13954
2021-02-10 01:01:55,511 INFO aireGDL Interpolated position data for moving measurements for 13954
2021-02-10 01:01:57,261 INFO aireGDL Interpolated position data for stationary measurements for 13954
2021-02-10 01:01:57,274 INFO aireGDL Changed timezone for 13954
2021-02-10 01:01:57,291 INFO aireGDL Interpolated air quality data for position measurements for 13954
2021-02-10 01:02:02,955 INFO aireGDL Downloaded a total of 5170 for measures for 13920
2021-02-10 01:02:05,536 INFO aireGDL Downloaded a total of 2528 for positions for 13920
2021-02-10 01:02:15,145 INFO aireGDL Interpolated position data for moving measurements for 13920
2021-02-10 01:02:35,874 INFO aireGDL Interpolated position data for stationary measurements for 13920
2021-02-10 01:02:35,911 INFO aireGDL Changed timezone for 13920
2021-02-10 01:02:35,973 INFO aireGDL Interpolated air quality data for position measurements for 13920
2021-02-10 01:02:40,231 INFO aireGDL Downloaded a total of 3621 for measures for 14835
2021-02-10 01:02:41,655 INFO aireGDL Downloaded a total of 1435 for positions for 14835
2021-02-10 01:02:47,445 INFO aireGDL Interpolated position data for moving measurements for 14835
2021-02-10 01:03:02,276 INFO aireGDL Interpolated position data for stationary measurements for 14835
2021-02-10 01:03:02,305 INFO aireGDL Changed timezone for 14835
2021-02-10 01:03:02,357 INFO aireGDL Interpolated air quality data for position measurements for 14835
2021-02-10 01:03:03,839 INFO aireGDL Downloaded a total of 0 for measures for 13178
2021-02-10 01:03:04,600 INFO aireGDL Downloaded a total of 0 for positions for 13178
2021-02-10 01:03:05,396 INFO aireGDL Downloaded a total of 0 for measures for 14002
2021-02-10 01:03:06,133 INFO aireGDL Downloaded a total of 0 for positions for 14002
2021-02-10 01:03:09,961 INFO aireGDL Downloaded a total of 3884 for measures for 13116
2021-02-10 01:03:10,920 INFO aireGDL Downloaded a total of 201 for positions for 13116
2021-02-10 01:03:11,823 INFO aireGDL Interpolated position data for moving measurements for 13116
2021-02-10 01:03:29,596 INFO aireGDL Interpolated position data for stationary measurements for 13116
2021-02-10 01:03:29,621 INFO aireGDL Changed timezone for 13116
2021-02-10 01:03:29,670 INFO aireGDL Interpolated air quality data for position measurements for 13116
2021-02-10 01:03:31,165 INFO aireGDL Downloaded a total of 0 for measures for 13684
2021-02-10 01:03:31,918 INFO aireGDL Downloaded a total of 0 for positions for 13684
2021-02-10 01:03:32,681 INFO aireGDL Downloaded a total of 0 for measures for 15602
2021-02-10 01:03:33,439 INFO aireGDL Downloaded a total of 0 for positions for 15602
2021-02-10 01:03:43,161 INFO aireGDL Downloaded a total of 9619 for measures for 14823
2021-02-10 01:03:45,402 INFO aireGDL Downloaded a total of 2105 for positions for 14823
2021-02-10 01:03:53,065 INFO aireGDL Interpolated position data for moving measurements for 14823
2021-02-10 01:04:38,347 INFO aireGDL Interpolated position data for stationary measurements for 14823
2021-02-10 01:04:38,396 INFO aireGDL Changed timezone for 14823
2021-02-10 01:04:38,495 INFO aireGDL Interpolated air quality data for position measurements for 14823
2021-02-10 01:04:41,805 INFO aireGDL Downloaded a total of 1677 for measures for 13597
2021-02-10 01:04:42,757 INFO aireGDL Downloaded a total of 177 for positions for 13597
2021-02-10 01:04:43,675 INFO aireGDL Interpolated position data for moving measurements for 13597
2021-02-10 01:04:51,199 INFO aireGDL Interpolated position data for stationary measurements for 13597
2021-02-10 01:04:51,218 INFO aireGDL Changed timezone for 13597
2021-02-10 01:04:51,258 INFO aireGDL Interpolated air quality data for position measurements for 13597
2021-02-10 01:05:18,584 INFO aireGDL Downloaded a total of 25053 for measures for 14811
2021-02-10 01:05:20,033 INFO aireGDL Downloaded a total of 1907 for positions for 14811
2021-02-10 01:05:26,643 INFO aireGDL Interpolated position data for moving measurements for 14811
2021-02-10 01:07:37,454 INFO aireGDL Interpolated position data for stationary measurements for 14811
2021-02-10 01:07:37,553 INFO aireGDL Changed timezone for 14811
2021-02-10 01:07:37,758 INFO aireGDL Interpolated air quality data for position measurements for 14811
2021-02-10 01:07:48,214 INFO aireGDL Downloaded a total of 7833 for measures for 13593
2021-02-10 01:07:51,171 INFO aireGDL Downloaded a total of 3943 for positions for 13593
2021-02-10 01:08:03,842 INFO aireGDL Interpolated position data for moving measurements for 13593
2021-02-10 01:08:38,944 INFO aireGDL Interpolated position data for stationary measurements for 13593
2021-02-10 01:08:38,992 INFO aireGDL Changed timezone for 13593
2021-02-10 01:08:39,105 INFO aireGDL Interpolated air quality data for position measurements for 13593
2021-02-10 01:09:04,308 INFO aireGDL Downloaded a total of 21981 for measures for 13703
2021-02-10 01:09:17,974 INFO aireGDL Downloaded a total of 17098 for positions for 13703
2021-02-10 01:09:42,396 INFO aireGDL Interpolated position data for moving measurements for 13703
2021-02-10 01:12:09,791 INFO aireGDL Interpolated position data for stationary measurements for 13703
2021-02-10 01:12:10,040 INFO aireGDL Changed timezone for 13703
2021-02-10 01:12:10,258 INFO aireGDL Interpolated air quality data for position measurements for 13703
2021-02-10 01:12:22,253 INFO aireGDL Downloaded a total of 6959 for measures for 14829
2021-02-10 01:12:23,456 INFO aireGDL Downloaded a total of 709 for positions for 14829
2021-02-10 01:12:25,992 INFO aireGDL Interpolated position data for moving measurements for 14829
2021-02-10 01:12:57,952 INFO aireGDL Interpolated position data for stationary measurements for 14829
2021-02-10 01:12:57,990 INFO aireGDL Changed timezone for 14829
2021-02-10 01:12:58,081 INFO aireGDL Interpolated air quality data for position measurements for 14829
2021-02-10 01:13:14,741 INFO aireGDL Downloaded a total of 11675 for measures for 14204
2021-02-10 01:13:16,150 INFO aireGDL Downloaded a total of 1482 for positions for 14204
2021-02-10 01:13:24,191 INFO aireGDL Interpolated position data for moving measurements for 14204
2021-02-10 01:14:19,356 INFO aireGDL Interpolated position data for stationary measurements for 14204
2021-02-10 01:14:19,406 INFO aireGDL Changed timezone for 14204
2021-02-10 01:14:19,517 INFO aireGDL Interpolated air quality data for position measurements for 14204
2021-02-10 01:14:36,459 INFO aireGDL Downloaded a total of 11225 for measures for 14834
2021-02-10 01:14:39,346 INFO aireGDL Downloaded a total of 2914 for positions for 14834
2021-02-10 01:14:53,096 INFO aireGDL Interpolated position data for moving measurements for 14834
2021-02-10 01:15:43,410 INFO aireGDL Interpolated position data for stationary measurements for 14834
2021-02-10 01:15:43,467 INFO aireGDL Changed timezone for 14834
2021-02-10 01:15:43,584 INFO aireGDL Interpolated air quality data for position measurements for 14834
2021-02-10 01:16:14,945 INFO aireGDL Downloaded a total of 24724 for measures for 13093
2021-02-10 01:16:19,370 INFO aireGDL Downloaded a total of 5529 for positions for 13093
2021-02-10 01:16:37,720 INFO aireGDL Interpolated position data for moving measurements for 13093
2021-02-10 01:18:48,606 INFO aireGDL Interpolated position data for stationary measurements for 13093
2021-02-10 01:18:48,712 INFO aireGDL Changed timezone for 13093
2021-02-10 01:18:48,932 INFO aireGDL Interpolated air quality data for position measurements for 13093
2021-02-10 01:18:59,420 INFO aireGDL Downloaded a total of 2589 for measures for 14618
2021-02-10 01:19:00,354 INFO aireGDL Downloaded a total of 214 for positions for 14618
2021-02-10 01:19:01,860 INFO aireGDL Interpolated position data for moving measurements for 14618
2021-02-10 01:19:13,046 INFO aireGDL Interpolated position data for stationary measurements for 14618
2021-02-10 01:19:13,067 INFO aireGDL Changed timezone for 14618
2021-02-10 01:19:13,129 INFO aireGDL Interpolated air quality data for position measurements for 14618
2021-02-10 01:19:44,726 INFO aireGDL Downloaded a total of 23141 for measures for 13595
2021-02-10 01:19:47,230 INFO aireGDL Downloaded a total of 2405 for positions for 13595
2021-02-10 01:19:57,116 INFO aireGDL Interpolated position data for moving measurements for 13595
2021-02-10 01:21:53,664 INFO aireGDL Interpolated position data for stationary measurements for 13595
2021-02-10 01:21:53,756 INFO aireGDL Changed timezone for 13595
2021-02-10 01:21:53,947 INFO aireGDL Interpolated air quality data for position measurements for 13595
2021-02-10 01:22:09,706 INFO aireGDL Downloaded a total of 7374 for measures for 13638
2021-02-10 01:22:20,122 INFO aireGDL Downloaded a total of 13743 for positions for 13638
2021-02-10 01:22:34,499 INFO aireGDL Interpolated position data for moving measurements for 13638
2021-02-10 01:23:20,331 INFO aireGDL Interpolated position data for stationary measurements for 13638
2021-02-10 01:23:20,434 INFO aireGDL Changed timezone for 13638
2021-02-10 01:23:20,556 INFO aireGDL Interpolated air quality data for position measurements for 13638
2021-02-10 01:23:32,735 INFO aireGDL Downloaded a total of 2881 for measures for 14709
2021-02-10 01:23:33,555 INFO aireGDL Downloaded a total of 106 for positions for 14709
2021-02-10 01:23:34,002 INFO aireGDL Interpolated position data for moving measurements for 14709
2021-02-10 01:23:47,222 INFO aireGDL Interpolated position data for stationary measurements for 14709
2021-02-10 01:23:47,243 INFO aireGDL Changed timezone for 14709
2021-02-10 01:23:47,288 INFO aireGDL Interpolated air quality data for position measurements for 14709
2021-02-10 01:24:05,450 INFO aireGDL Downloaded a total of 8927 for measures for 13949
2021-02-10 01:24:12,947 INFO aireGDL Downloaded a total of 9998 for positions for 13949
2021-02-10 01:24:23,738 INFO aireGDL Interpolated position data for moving measurements for 13949
2021-02-10 01:25:13,076 INFO aireGDL Interpolated position data for stationary measurements for 13949
2021-02-10 01:25:13,155 INFO aireGDL Changed timezone for 13949
2021-02-10 01:25:13,342 INFO aireGDL Interpolated air quality data for position measurements for 13949
2021-02-10 01:25:31,161 INFO aireGDL Downloaded a total of 7788 for measures for 14616
2021-02-10 01:25:32,592 INFO aireGDL Downloaded a total of 1616 for positions for 14616
2021-02-10 01:25:39,587 INFO aireGDL Interpolated position data for moving measurements for 14616
2021-02-10 01:26:15,327 INFO aireGDL Interpolated position data for stationary measurements for 14616
2021-02-10 01:26:15,369 INFO aireGDL Changed timezone for 14616
2021-02-10 01:26:15,455 INFO aireGDL Interpolated air quality data for position measurements for 14616
2021-02-10 01:26:34,943 INFO aireGDL Downloaded a total of 8564 for measures for 14794
2021-02-10 01:26:46,748 INFO aireGDL Downloaded a total of 14359 for positions for 14794
2021-02-10 01:27:04,483 INFO aireGDL Interpolated position data for moving measurements for 14794
2021-02-10 01:27:57,636 INFO aireGDL Interpolated position data for stationary measurements for 14794
2021-02-10 01:27:57,734 INFO aireGDL Changed timezone for 14794
2021-02-10 01:27:57,850 INFO aireGDL Interpolated air quality data for position measurements for 14794
2021-02-10 01:28:12,010 INFO aireGDL Downloaded a total of 2242 for measures for 13360
2021-02-10 01:28:13,406 INFO aireGDL Downloaded a total of 1314 for positions for 13360
2021-02-10 01:28:18,687 INFO aireGDL Interpolated position data for moving measurements for 13360
2021-02-10 01:28:26,772 INFO aireGDL Interpolated position data for stationary measurements for 13360
2021-02-10 01:28:26,797 INFO aireGDL Changed timezone for 13360
2021-02-10 01:28:26,842 INFO aireGDL Interpolated air quality data for position measurements for 13360
2021-02-10 01:29:24,567 INFO aireGDL Downloaded a total of 44217 for measures for 13946
2021-02-10 01:29:29,040 INFO aireGDL Downloaded a total of 5103 for positions for 13946
2021-02-10 01:29:49,317 INFO aireGDL Interpolated position data for moving measurements for 13946
2021-02-10 01:34:03,104 INFO aireGDL Interpolated position data for stationary measurements for 13946
2021-02-10 01:34:03,313 INFO aireGDL Changed timezone for 13946
2021-02-10 01:34:03,669 INFO aireGDL Interpolated air quality data for position measurements for 13946
2021-02-10 01:34:35,903 INFO aireGDL Downloaded a total of 18128 for measures for 14669
2021-02-10 01:34:58,697 INFO aireGDL Downloaded a total of 29241 for positions for 14669
2021-02-10 01:35:28,976 INFO aireGDL Interpolated position data for moving measurements for 14669
2021-02-10 01:38:18,798 INFO aireGDL Interpolated position data for stationary measurements for 14669
2021-02-10 01:38:19,044 INFO aireGDL Changed timezone for 14669
2021-02-10 01:38:19,396 INFO aireGDL Interpolated air quality data for position measurements for 14669
2021-02-10 01:39:04,835 INFO aireGDL Downloaded a total of 28248 for measures for 14700
2021-02-10 01:39:17,139 INFO aireGDL Downloaded a total of 15660 for positions for 14700
2021-02-10 01:39:35,444 INFO aireGDL Interpolated position data for moving measurements for 14700
2021-02-10 01:43:10,353 INFO aireGDL Interpolated position data for stationary measurements for 14700
2021-02-10 01:43:10,529 INFO aireGDL Changed timezone for 14700
2021-02-10 01:43:10,801 INFO aireGDL Interpolated air quality data for position measurements for 14700
