2021-06-20 18:54:53,417 INFO aireGDL Creating SQL engine
2021-06-20 18:54:53,440 INFO aireGDL Getting data from DB
2021-06-20 18:55:00,073 INFO aireGDL Data retrived
2021-06-20 18:55:00,876 INFO aireGDL Loaded air quality by day database
2021-06-20 18:58:26,737 INFO aireGDL Created air quality database by week for MIMACRO
2021-06-20 18:58:26,737 INFO aireGDL Creating SQL engine
2021-06-20 18:58:28,121 INFO aireGDL Getting DB connection
2021-06-20 18:58:28,122 INFO aireGDL Creating SQL engine
2021-06-20 18:58:28,123 INFO aireGDL Uploading table mimacro_data_week to database
2021-06-20 18:58:43,376 INFO aireGDL Table mimacro_data_week in DB
2021-06-20 18:58:43,376 INFO aireGDL Uploaded database for station: MIMACRO
2021-06-20 19:09:40,510 INFO aireGDL Creating SQL engine
2021-06-20 19:09:40,533 INFO aireGDL Getting data from DB
2021-06-20 19:09:43,424 INFO aireGDL Data retrived
2021-06-20 19:09:43,628 INFO aireGDL Loaded air quality by day database
2021-06-20 19:09:57,657 INFO aireGDL Created air quality database by week for SIMAJ
2021-06-20 19:09:57,657 INFO aireGDL Creating SQL engine
2021-06-20 19:09:59,039 INFO aireGDL Getting DB connection
2021-06-20 19:09:59,039 INFO aireGDL Creating SQL engine
2021-06-20 19:09:59,041 INFO aireGDL Uploading table simaj_data_week to database
2021-06-20 19:10:04,754 INFO aireGDL Table simaj_data_week in DB
2021-06-20 19:10:04,755 INFO aireGDL Uploaded database for station: SIMAJ
2021-06-20 19:11:05,609 INFO aireGDL Creating SQL engine
2021-06-20 19:11:05,633 INFO aireGDL Getting data from DB
2021-06-20 19:11:08,304 INFO aireGDL Data retrived
2021-06-20 19:11:08,442 INFO aireGDL Loaded air quality by day database
2021-06-20 19:11:08,446 INFO aireGDL Creating SQL engine
2021-06-20 19:11:08,446 INFO aireGDL Getting estaciones_gdl from DB
2021-06-20 19:11:10,003 INFO aireGDL estaciones_gdl retrived
2021-06-20 19:11:10,003 INFO aireGDL Loaded MiMacro stations
2021-06-20 19:11:10,015 INFO aireGDL Created id column by MiMacro station database
2021-06-20 19:12:21,702 INFO aireGDL Creating SQL engine
2021-06-20 19:12:21,725 INFO aireGDL Getting data from DB
2021-06-20 19:12:24,386 INFO aireGDL Data retrived
2021-06-20 19:12:24,514 INFO aireGDL Loaded air quality by day database
2021-06-20 19:12:24,517 INFO aireGDL Creating SQL engine
2021-06-20 19:12:24,518 INFO aireGDL Getting estaciones_gdl from DB
2021-06-20 19:12:26,079 INFO aireGDL estaciones_gdl retrived
2021-06-20 19:12:26,079 INFO aireGDL Loaded MiMacro stations
2021-06-20 19:12:26,083 INFO aireGDL Created id column by MiMacro station database
2021-06-20 19:12:26,137 INFO aireGDL Checkpoint, 0 iterations
2021-06-20 19:17:46,603 INFO aireGDL Checkpoint, 10000 iterations
2021-06-20 19:23:13,096 INFO aireGDL Checkpoint, 20000 iterations
2021-06-20 19:28:37,928 INFO aireGDL Checkpoint, 30000 iterations
2021-06-20 19:34:06,254 INFO aireGDL Checkpoint, 40000 iterations
2021-06-20 19:39:38,272 INFO aireGDL Checkpoint, 50000 iterations
2021-06-20 19:45:23,780 INFO aireGDL Checkpoint, 60000 iterations
2021-06-20 19:51:09,131 INFO aireGDL Checkpoint, 70000 iterations
2021-06-20 19:56:59,402 INFO aireGDL Checkpoint, 80000 iterations
2021-06-20 20:02:47,403 INFO aireGDL Checkpoint, 90000 iterations
2021-06-20 20:08:41,968 INFO aireGDL Checkpoint, 100000 iterations
2021-06-20 20:14:51,851 INFO aireGDL Checkpoint, 110000 iterations
2021-06-20 20:21:11,415 INFO aireGDL Checkpoint, 120000 iterations
2021-06-20 20:27:37,151 INFO aireGDL Checkpoint, 130000 iterations
2021-06-20 20:34:04,731 INFO aireGDL Checkpoint, 140000 iterations
2021-06-20 20:40:38,390 INFO aireGDL Checkpoint, 150000 iterations
2021-06-20 20:47:17,777 INFO aireGDL Checkpoint, 160000 iterations
2021-06-20 20:54:05,533 INFO aireGDL Checkpoint, 170000 iterations
2021-06-20 21:00:57,051 INFO aireGDL Checkpoint, 180000 iterations
2021-06-20 21:07:47,739 INFO aireGDL Checkpoint, 190000 iterations
2021-06-20 21:14:34,721 INFO aireGDL Checkpoint, 200000 iterations
2021-06-20 21:21:42,262 INFO aireGDL Checkpoint, 210000 iterations
2021-06-20 21:29:00,020 INFO aireGDL Checkpoint, 220000 iterations
2021-06-20 21:36:18,932 INFO aireGDL Checkpoint, 230000 iterations
2021-06-20 21:38:59,148 INFO aireGDL Empty value at parameter: PM10, date: 2016-10-13 and iteration: 233680
2021-06-20 21:39:03,222 INFO aireGDL Empty value at parameter: NO2, date: 2016-10-13 and iteration: 233772
2021-06-20 21:39:05,291 INFO aireGDL Empty value at parameter: SO2, date: 2016-10-13 and iteration: 233818
2021-06-20 21:39:07,437 INFO aireGDL Empty value at parameter: O3, date: 2016-10-13 and iteration: 233864
2021-06-20 21:39:09,541 INFO aireGDL Empty value at parameter: PM10, date: 2016-10-14 and iteration: 233910
2021-06-20 21:39:13,670 INFO aireGDL Empty value at parameter: NO2, date: 2016-10-14 and iteration: 234002
2021-06-20 21:39:15,786 INFO aireGDL Empty value at parameter: SO2, date: 2016-10-14 and iteration: 234048
2021-06-20 21:39:17,893 INFO aireGDL Empty value at parameter: O3, date: 2016-10-14 and iteration: 234094
2021-06-20 21:39:20,006 INFO aireGDL Empty value at parameter: PM10, date: 2016-10-15 and iteration: 234140
2021-06-20 21:39:24,168 INFO aireGDL Empty value at parameter: NO2, date: 2016-10-15 and iteration: 234232
2021-06-20 21:39:26,271 INFO aireGDL Empty value at parameter: SO2, date: 2016-10-15 and iteration: 234278
2021-06-20 21:39:28,390 INFO aireGDL Empty value at parameter: O3, date: 2016-10-15 and iteration: 234324
2021-06-20 21:39:30,484 INFO aireGDL Empty value at parameter: PM10, date: 2016-10-16 and iteration: 234370
2021-06-20 21:39:34,618 INFO aireGDL Empty value at parameter: NO2, date: 2016-10-16 and iteration: 234462
2021-06-20 21:39:36,742 INFO aireGDL Empty value at parameter: SO2, date: 2016-10-16 and iteration: 234508
2021-06-20 21:39:38,833 INFO aireGDL Empty value at parameter: O3, date: 2016-10-16 and iteration: 234554
2021-06-20 21:39:40,939 INFO aireGDL Empty value at parameter: PM10, date: 2016-10-17 and iteration: 234600
2021-06-20 21:39:45,070 INFO aireGDL Empty value at parameter: NO2, date: 2016-10-17 and iteration: 234692
2021-06-20 21:39:47,173 INFO aireGDL Empty value at parameter: SO2, date: 2016-10-17 and iteration: 234738
2021-06-20 21:39:49,239 INFO aireGDL Empty value at parameter: O3, date: 2016-10-17 and iteration: 234784
2021-06-20 21:39:51,347 INFO aireGDL Empty value at parameter: PM10, date: 2016-10-18 and iteration: 234830
2021-06-20 21:39:55,494 INFO aireGDL Empty value at parameter: NO2, date: 2016-10-18 and iteration: 234922
2021-06-20 21:39:57,598 INFO aireGDL Empty value at parameter: SO2, date: 2016-10-18 and iteration: 234968
2021-06-20 21:39:59,698 INFO aireGDL Empty value at parameter: O3, date: 2016-10-18 and iteration: 235014
2021-06-20 21:40:01,803 INFO aireGDL Empty value at parameter: PM10, date: 2016-10-19 and iteration: 235060
2021-06-20 21:40:05,907 INFO aireGDL Empty value at parameter: NO2, date: 2016-10-19 and iteration: 235152
2021-06-20 21:40:08,036 INFO aireGDL Empty value at parameter: SO2, date: 2016-10-19 and iteration: 235198
2021-06-20 21:40:10,101 INFO aireGDL Empty value at parameter: O3, date: 2016-10-19 and iteration: 235244
2021-06-20 21:40:16,273 INFO aireGDL Empty value at parameter: NO2, date: 2016-10-20 and iteration: 235382
2021-06-20 21:40:18,408 INFO aireGDL Empty value at parameter: SO2, date: 2016-10-20 and iteration: 235428
2021-06-20 21:40:20,470 INFO aireGDL Empty value at parameter: O3, date: 2016-10-20 and iteration: 235474
2021-06-20 21:40:26,656 INFO aireGDL Empty value at parameter: NO2, date: 2016-10-21 and iteration: 235612
2021-06-20 21:40:28,732 INFO aireGDL Empty value at parameter: SO2, date: 2016-10-21 and iteration: 235658
2021-06-20 21:40:30,799 INFO aireGDL Empty value at parameter: O3, date: 2016-10-21 and iteration: 235704
2021-06-20 21:40:32,888 INFO aireGDL Empty value at parameter: PM10, date: 2016-10-22 and iteration: 235750
2021-06-20 21:40:37,008 INFO aireGDL Empty value at parameter: NO2, date: 2016-10-22 and iteration: 235842
2021-06-20 21:40:39,122 INFO aireGDL Empty value at parameter: SO2, date: 2016-10-22 and iteration: 235888
2021-06-20 21:40:41,191 INFO aireGDL Empty value at parameter: O3, date: 2016-10-22 and iteration: 235934
2021-06-20 21:40:43,299 INFO aireGDL Empty value at parameter: PM10, date: 2016-10-23 and iteration: 235980
2021-06-20 21:40:47,434 INFO aireGDL Empty value at parameter: NO2, date: 2016-10-23 and iteration: 236072
2021-06-20 21:40:49,551 INFO aireGDL Empty value at parameter: SO2, date: 2016-10-23 and iteration: 236118
2021-06-20 21:40:51,623 INFO aireGDL Empty value at parameter: O3, date: 2016-10-23 and iteration: 236164
2021-06-20 21:40:53,740 INFO aireGDL Empty value at parameter: PM10, date: 2016-10-24 and iteration: 236210
2021-06-20 21:40:57,865 INFO aireGDL Empty value at parameter: NO2, date: 2016-10-24 and iteration: 236302
2021-06-20 21:40:59,979 INFO aireGDL Empty value at parameter: SO2, date: 2016-10-24 and iteration: 236348
2021-06-20 21:41:02,056 INFO aireGDL Empty value at parameter: O3, date: 2016-10-24 and iteration: 236394
2021-06-20 21:43:44,160 INFO aireGDL Checkpoint, 240000 iterations
2021-06-20 21:46:37,419 INFO aireGDL Empty value at parameter: PM10, date: 2016-11-26 and iteration: 243800
2021-06-20 21:46:41,615 INFO aireGDL Empty value at parameter: NO2, date: 2016-11-26 and iteration: 243892
2021-06-20 21:46:43,773 INFO aireGDL Empty value at parameter: SO2, date: 2016-11-26 and iteration: 243938
2021-06-20 21:46:45,852 INFO aireGDL Empty value at parameter: O3, date: 2016-11-26 and iteration: 243984
2021-06-20 21:51:16,596 INFO aireGDL Checkpoint, 250000 iterations
2021-06-20 21:58:48,339 INFO aireGDL Checkpoint, 260000 iterations
2021-06-20 22:06:20,434 INFO aireGDL Checkpoint, 270000 iterations
2021-06-20 22:13:58,687 INFO aireGDL Checkpoint, 280000 iterations
2021-06-20 22:21:40,905 INFO aireGDL Checkpoint, 290000 iterations
2021-06-20 22:29:22,655 INFO aireGDL Checkpoint, 300000 iterations
2021-06-20 22:37:07,427 INFO aireGDL Checkpoint, 310000 iterations
2021-06-20 22:45:02,407 INFO aireGDL Checkpoint, 320000 iterations
2021-06-20 22:52:56,056 INFO aireGDL Checkpoint, 330000 iterations
2021-06-20 23:01:06,988 INFO aireGDL Checkpoint, 340000 iterations
2021-06-20 23:09:39,417 INFO aireGDL Checkpoint, 350000 iterations
2021-06-20 23:18:08,855 INFO aireGDL Checkpoint, 360000 iterations
2021-06-20 23:26:41,984 INFO aireGDL Checkpoint, 370000 iterations
2021-06-20 23:35:21,214 INFO aireGDL Checkpoint, 380000 iterations
2021-06-20 23:44:04,944 INFO aireGDL Checkpoint, 390000 iterations
2021-06-20 23:53:01,007 INFO aireGDL Checkpoint, 400000 iterations
2021-06-21 00:02:22,095 INFO aireGDL Checkpoint, 410000 iterations
2021-06-21 00:12:14,682 INFO aireGDL Checkpoint, 420000 iterations
2021-06-21 00:22:10,176 INFO aireGDL Checkpoint, 430000 iterations
2021-06-21 00:32:15,056 INFO aireGDL Checkpoint, 440000 iterations
2021-06-21 00:42:19,353 INFO aireGDL Checkpoint, 450000 iterations
2021-06-21 00:52:25,505 INFO aireGDL Checkpoint, 460000 iterations
2021-06-21 01:02:48,470 INFO aireGDL Checkpoint, 470000 iterations
2021-06-21 01:13:02,923 INFO aireGDL Checkpoint, 480000 iterations
2021-06-21 01:23:28,227 INFO aireGDL Checkpoint, 490000 iterations
2021-06-21 01:33:57,274 INFO aireGDL Checkpoint, 500000 iterations
2021-06-21 01:38:03,758 INFO aireGDL Created MiMacro DataFrame with interpolations
2021-06-21 01:38:03,758 INFO aireGDL Creating SQL engine
2021-06-21 01:38:05,280 INFO aireGDL Getting DB connection
2021-06-21 01:38:05,280 INFO aireGDL Creating SQL engine
2021-06-21 01:38:05,280 INFO aireGDL Uploading table mimacro_data_day to database
2021-06-21 01:39:08,027 INFO aireGDL Table mimacro_data_day in DB
2021-06-21 01:39:08,027 INFO aireGDL Uploaded database for MiMacro by day
