2020-10-26 21:27:37,887 INFO aireGDL Polygon loaded
2020-10-26 21:27:37,887 INFO aireGDL Downloading graph
2020-10-26 21:30:11,776 INFO aireGDL Graph downloaded
2020-10-26 21:30:11,777 INFO aireGDL Getting nodes and edges
2020-10-26 21:30:32,315 INFO aireGDL Nodes and eges loaded
2020-10-26 21:30:32,315 INFO aireGDL Creating SQL engine
2020-10-26 21:30:32,348 INFO aireGDL Uploading nodes
2020-10-26 21:36:15,632 INFO aireGDL Polygon loaded
2020-10-26 21:36:15,633 INFO aireGDL Downloading graph
2020-10-26 21:38:34,493 INFO aireGDL Graph downloaded
2020-10-26 21:38:34,494 INFO aireGDL Getting nodes and edges
2020-10-26 21:38:55,309 INFO aireGDL Nodes and eges loaded
2020-10-26 21:38:55,309 INFO aireGDL Creating SQL engine
2020-10-26 21:38:55,341 INFO aireGDL Uploading nodes
2020-10-26 21:45:38,006 INFO aireGDL Polygon loaded
2020-10-26 21:45:38,007 INFO aireGDL Downloading graph
2020-10-26 21:47:44,290 INFO aireGDL Graph downloaded
2020-10-26 21:47:44,290 INFO aireGDL Getting nodes and edges
2020-10-26 21:48:08,212 INFO aireGDL Nodes and eges loaded
2020-10-26 21:48:08,212 INFO aireGDL Creating SQL engine
2020-10-26 21:48:08,249 INFO aireGDL Uploading nodes
2020-10-26 21:49:07,545 INFO aireGDL Polygon loaded
2020-10-26 21:49:07,546 INFO aireGDL Downloading graph
2020-10-26 21:51:09,369 INFO aireGDL Graph downloaded
2020-10-26 21:51:09,369 INFO aireGDL Getting nodes and edges
2020-10-26 21:51:36,584 INFO aireGDL Polygon loaded
2020-10-26 21:51:36,585 INFO aireGDL Downloading graph
2020-10-26 21:54:10,612 INFO aireGDL Graph downloaded
2020-10-26 21:54:10,612 INFO aireGDL Getting nodes and edges
2020-10-26 21:54:32,752 INFO aireGDL Nodes and eges loaded
2020-10-26 21:54:32,752 INFO aireGDL Creating SQL engine
2020-10-26 21:54:32,791 INFO aireGDL Uploading nodes
2020-10-26 22:05:34,639 INFO aireGDL Polygon loaded
2020-10-26 22:05:34,640 INFO aireGDL Downloading graph
2020-10-26 22:07:52,753 INFO aireGDL Graph downloaded
2020-10-26 22:07:52,753 INFO aireGDL Getting nodes and edges
2020-10-26 22:08:21,147 INFO aireGDL Nodes and eges loaded
2020-10-26 22:08:21,147 INFO aireGDL Creating SQL engine
2020-10-26 22:08:21,199 INFO aireGDL Uploading nodes
2020-10-26 22:08:56,003 INFO aireGDL Nodes uploaded
2020-10-26 22:08:56,004 INFO aireGDL Uploading edges
2020-10-26 22:10:05,022 INFO aireGDL Edges uploaded
2020-10-26 22:13:55,395 INFO aireGDL Polygon loaded
2020-10-26 22:13:55,395 INFO aireGDL Creating SQL engine
2020-10-26 22:14:00,139 INFO aireGDL Getting DB connection
2020-10-26 22:14:00,139 INFO aireGDL Creating SQL engine
2020-10-26 22:14:00,142 INFO aireGDL Uploading table Guadalajara to database
2020-10-26 22:14:07,764 INFO aireGDL Table Guadalajara in DB
