2021-02-17 17:47:32,200 INFO aireGDL Starting script
2021-02-17 17:47:34,390 INFO aireGDL Downloaded a total of 952 for measures for 13164
2021-02-17 17:47:34,948 INFO aireGDL Downloaded a total of 298 for positions for 13164
2021-02-17 17:47:37,082 INFO aireGDL Interpolated position data for moving measurements for 13164
2021-02-17 17:47:42,802 INFO aireGDL Interpolated position data for stationary measurements for 13164
2021-02-17 17:47:42,971 INFO aireGDL Changed timezone for 13164
2021-02-17 17:47:43,029 INFO aireGDL Interpolated air quality data for position measurements for 13164
2021-02-17 17:47:43,099 INFO aireGDL Done with download
2021-02-17 17:49:23,499 INFO aireGDL Starting script
2021-02-17 17:49:24,350 INFO aireGDL Downloaded a total of 952 for measures for 13164
2021-02-17 17:49:24,814 INFO aireGDL Downloaded a total of 298 for positions for 13164
2021-02-17 17:49:28,325 INFO aireGDL Interpolated position data for moving measurements for 13164
2021-02-17 17:49:33,886 INFO aireGDL Interpolated position data for stationary measurements for 13164
2021-02-17 17:49:34,050 INFO aireGDL Changed timezone for 13164
2021-02-17 17:49:34,083 INFO aireGDL Interpolated air quality data for position measurements for 13164
2021-02-17 17:49:34,124 INFO aireGDL Done with download
2021-02-17 17:49:34,124 INFO aireGDL Creating SQL engine
2021-02-17 17:49:40,631 INFO aireGDL Getting DB connection
2021-02-17 17:49:40,631 INFO aireGDL Creating SQL engine
2021-02-17 17:49:40,633 INFO aireGDL Uploading table plumbe to database
2021-02-17 17:49:49,494 INFO aireGDL Table plumbe in DB
2021-02-17 17:49:49,495 INFO aireGDL Data in DB
2021-02-17 17:49:49,843 INFO aireGDL Downloaded a total of 0 for measures for 13335
2021-02-17 17:49:50,183 INFO aireGDL Downloaded a total of 0 for positions for 13335
2021-02-17 17:49:50,839 INFO aireGDL Downloaded a total of 388 for measures for 13954
2021-02-17 17:49:51,189 INFO aireGDL Downloaded a total of 9 for positions for 13954
2021-02-17 17:49:51,470 INFO aireGDL Interpolated position data for moving measurements for 13954
2021-02-17 17:49:53,728 INFO aireGDL Interpolated position data for stationary measurements for 13954
2021-02-17 17:49:53,743 INFO aireGDL Changed timezone for 13954
2021-02-17 17:49:53,772 INFO aireGDL Interpolated air quality data for position measurements for 13954
2021-02-17 17:49:53,798 INFO aireGDL Done with download
2021-02-17 17:49:53,798 INFO aireGDL Creating SQL engine
2021-02-17 17:50:00,304 INFO aireGDL Getting DB connection
2021-02-17 17:50:00,304 INFO aireGDL Creating SQL engine
2021-02-17 17:50:00,305 INFO aireGDL Uploading table plumbe to database
2021-02-17 17:50:12,145 INFO aireGDL Table plumbe in DB
2021-02-17 17:50:12,146 INFO aireGDL Data in DB
2021-02-17 17:50:17,451 INFO aireGDL Downloaded a total of 6131 for measures for 13920
2021-02-17 17:50:19,145 INFO aireGDL Downloaded a total of 2546 for positions for 13920
2021-02-17 17:50:55,112 INFO aireGDL Interpolated position data for moving measurements for 13920
2021-02-17 17:53:09,655 INFO aireGDL Starting script
2021-02-17 17:53:10,668 INFO aireGDL Downloaded a total of 952 for measures for 13164
2021-02-17 17:53:11,164 INFO aireGDL Downloaded a total of 298 for positions for 13164
2021-02-17 17:53:13,299 INFO aireGDL Interpolated position data for moving measurements for 13164
2021-02-17 17:53:18,995 INFO aireGDL Interpolated position data for stationary measurements for 13164
2021-02-17 17:53:19,127 INFO aireGDL Changed timezone for 13164
2021-02-17 17:53:19,177 INFO aireGDL Interpolated air quality data for position measurements for 13164
2021-02-17 17:53:19,230 INFO aireGDL Done with download
2021-02-17 17:53:19,231 INFO aireGDL Creating SQL engine
2021-02-17 17:53:24,778 INFO aireGDL Getting DB connection
2021-02-17 17:53:24,779 INFO aireGDL Creating SQL engine
2021-02-17 17:53:24,781 INFO aireGDL Uploading table plumbe to database
2021-02-17 17:53:32,765 INFO aireGDL Table plumbe in DB
2021-02-17 17:53:32,765 INFO aireGDL Data in DB
2021-02-17 17:53:33,015 INFO aireGDL Downloaded a total of 0 for measures for 13335
2021-02-17 17:53:33,356 INFO aireGDL Downloaded a total of 0 for positions for 13335
2021-02-17 17:53:33,805 INFO aireGDL Downloaded a total of 388 for measures for 13954
2021-02-17 17:53:34,105 INFO aireGDL Downloaded a total of 9 for positions for 13954
2021-02-17 17:53:34,249 INFO aireGDL Interpolated position data for moving measurements for 13954
2021-02-17 17:53:36,306 INFO aireGDL Interpolated position data for stationary measurements for 13954
2021-02-17 17:53:36,320 INFO aireGDL Changed timezone for 13954
2021-02-17 17:53:36,347 INFO aireGDL Interpolated air quality data for position measurements for 13954
2021-02-17 17:53:36,375 INFO aireGDL Done with download
2021-02-17 17:53:36,375 INFO aireGDL Creating SQL engine
2021-02-17 17:53:41,876 INFO aireGDL Getting DB connection
2021-02-17 17:53:41,876 INFO aireGDL Creating SQL engine
2021-02-17 17:53:41,878 INFO aireGDL Uploading table plumbe to database
2021-02-17 17:53:53,550 INFO aireGDL Table plumbe in DB
2021-02-17 17:53:53,551 INFO aireGDL Data in DB
2021-02-17 17:53:58,093 INFO aireGDL Downloaded a total of 6131 for measures for 13920
2021-02-17 17:53:59,238 INFO aireGDL Downloaded a total of 2546 for positions for 13920
2021-02-17 17:54:22,536 INFO aireGDL Interpolated position data for moving measurements for 13920
2021-02-17 17:55:09,491 INFO aireGDL Interpolated position data for stationary measurements for 13920
2021-02-17 17:55:09,553 INFO aireGDL Changed timezone for 13920
2021-02-17 17:55:09,807 INFO aireGDL Interpolated air quality data for position measurements for 13920
2021-02-17 17:55:09,930 INFO aireGDL Done with download
2021-02-17 17:55:09,931 INFO aireGDL Creating SQL engine
2021-02-17 17:55:16,187 INFO aireGDL Getting DB connection
2021-02-17 17:55:16,187 INFO aireGDL Creating SQL engine
2021-02-17 17:55:16,188 INFO aireGDL Uploading table plumbe to database
2021-02-17 17:55:32,879 INFO aireGDL Table plumbe in DB
2021-02-17 17:55:32,880 INFO aireGDL Data in DB
2021-02-17 17:55:36,784 INFO aireGDL Downloaded a total of 3621 for measures for 14835
2021-02-17 17:55:37,776 INFO aireGDL Downloaded a total of 1435 for positions for 14835
2021-02-17 17:55:44,759 INFO aireGDL Interpolated position data for moving measurements for 14835
2021-02-17 17:56:10,854 INFO aireGDL Interpolated position data for stationary measurements for 14835
2021-02-17 17:56:10,903 INFO aireGDL Changed timezone for 14835
2021-02-17 17:56:10,992 INFO aireGDL Interpolated air quality data for position measurements for 14835
2021-02-17 17:56:11,090 INFO aireGDL Done with download
2021-02-17 17:56:11,091 INFO aireGDL Creating SQL engine
2021-02-17 17:56:17,291 INFO aireGDL Getting DB connection
2021-02-17 17:56:17,292 INFO aireGDL Creating SQL engine
2021-02-17 17:56:17,293 INFO aireGDL Uploading table plumbe to database
2021-02-17 17:56:29,734 INFO aireGDL Table plumbe in DB
2021-02-17 17:56:29,735 INFO aireGDL Data in DB
2021-02-17 17:56:30,098 INFO aireGDL Downloaded a total of 0 for measures for 13178
2021-02-17 17:56:30,421 INFO aireGDL Downloaded a total of 0 for positions for 13178
2021-02-17 17:56:30,812 INFO aireGDL Downloaded a total of 0 for measures for 14002
2021-02-17 17:56:31,146 INFO aireGDL Downloaded a total of 0 for positions for 14002
2021-02-17 17:56:35,247 INFO aireGDL Downloaded a total of 3884 for measures for 13116
2021-02-17 17:56:35,749 INFO aireGDL Downloaded a total of 201 for positions for 13116
2021-02-17 17:56:37,294 INFO aireGDL Interpolated position data for moving measurements for 13116
2021-02-17 17:57:07,846 INFO aireGDL Interpolated position data for stationary measurements for 13116
2021-02-17 17:57:07,903 INFO aireGDL Changed timezone for 13116
2021-02-17 17:57:08,025 INFO aireGDL Interpolated air quality data for position measurements for 13116
2021-02-17 17:57:08,146 INFO aireGDL Done with download
2021-02-17 17:57:08,146 INFO aireGDL Creating SQL engine
2021-02-17 17:57:13,941 INFO aireGDL Getting DB connection
2021-02-17 17:57:13,942 INFO aireGDL Creating SQL engine
2021-02-17 17:57:13,943 INFO aireGDL Uploading table plumbe to database
2021-02-17 17:57:38,595 INFO aireGDL Table plumbe in DB
2021-02-17 17:57:38,596 INFO aireGDL Data in DB
2021-02-17 17:57:39,051 INFO aireGDL Downloaded a total of 0 for measures for 13684
2021-02-17 17:57:39,476 INFO aireGDL Downloaded a total of 0 for positions for 13684
2021-02-17 17:57:39,887 INFO aireGDL Downloaded a total of 0 for measures for 15602
2021-02-17 17:57:40,191 INFO aireGDL Downloaded a total of 0 for positions for 15602
2021-02-17 17:57:49,366 INFO aireGDL Downloaded a total of 9619 for measures for 14823
2021-02-17 17:57:50,721 INFO aireGDL Downloaded a total of 2105 for positions for 14823
2021-02-17 17:58:02,821 INFO aireGDL Interpolated position data for moving measurements for 14823
2021-02-17 17:59:23,716 INFO aireGDL Interpolated position data for stationary measurements for 14823
2021-02-17 17:59:23,797 INFO aireGDL Changed timezone for 14823
2021-02-17 17:59:24,152 INFO aireGDL Interpolated air quality data for position measurements for 14823
2021-02-17 17:59:24,351 INFO aireGDL Done with download
2021-02-17 17:59:24,351 INFO aireGDL Creating SQL engine
2021-02-17 17:59:30,210 INFO aireGDL Getting DB connection
2021-02-17 17:59:30,211 INFO aireGDL Creating SQL engine
2021-02-17 17:59:30,211 INFO aireGDL Uploading table plumbe to database
2021-02-17 18:00:12,686 INFO aireGDL Table plumbe in DB
2021-02-17 18:00:12,687 INFO aireGDL Data in DB
2021-02-17 18:00:14,456 INFO aireGDL Downloaded a total of 1677 for measures for 13597
2021-02-17 18:00:15,045 INFO aireGDL Downloaded a total of 177 for positions for 13597
2021-02-17 18:00:16,176 INFO aireGDL Interpolated position data for moving measurements for 13597
2021-02-17 18:00:24,685 INFO aireGDL Interpolated position data for stationary measurements for 13597
2021-02-17 18:00:24,722 INFO aireGDL Changed timezone for 13597
2021-02-17 18:00:24,784 INFO aireGDL Interpolated air quality data for position measurements for 13597
2021-02-17 18:00:24,855 INFO aireGDL Done with download
2021-02-17 18:00:24,855 INFO aireGDL Creating SQL engine
2021-02-17 18:00:30,443 INFO aireGDL Getting DB connection
2021-02-17 18:00:30,444 INFO aireGDL Creating SQL engine
2021-02-17 18:00:30,445 INFO aireGDL Uploading table plumbe to database
2021-02-17 18:01:06,495 INFO aireGDL Table plumbe in DB
2021-02-17 18:01:06,495 INFO aireGDL Data in DB
2021-02-17 18:01:37,916 INFO aireGDL Downloaded a total of 25053 for measures for 14811
2021-02-17 18:01:39,260 INFO aireGDL Downloaded a total of 1907 for positions for 14811
2021-02-17 18:01:52,952 INFO aireGDL Interpolated position data for moving measurements for 14811
2021-02-17 18:05:54,950 INFO aireGDL Interpolated position data for stationary measurements for 14811
2021-02-17 18:05:55,163 INFO aireGDL Changed timezone for 14811
2021-02-17 18:05:55,789 INFO aireGDL Interpolated air quality data for position measurements for 14811
2021-02-17 18:05:56,269 INFO aireGDL Done with download
2021-02-17 18:05:56,269 INFO aireGDL Creating SQL engine
2021-02-17 18:06:03,192 INFO aireGDL Getting DB connection
2021-02-17 18:06:03,192 INFO aireGDL Creating SQL engine
2021-02-17 18:06:03,194 INFO aireGDL Uploading table plumbe to database
2021-02-17 18:06:30,594 INFO aireGDL Table plumbe in DB
2021-02-17 18:06:30,595 INFO aireGDL Data in DB
2021-02-17 18:06:46,922 INFO aireGDL Downloaded a total of 7833 for measures for 13593
2021-02-17 18:06:50,716 INFO aireGDL Downloaded a total of 3943 for positions for 13593
2021-02-17 18:07:06,660 INFO aireGDL Interpolated position data for moving measurements for 13593
2021-02-17 18:08:04,349 INFO aireGDL Interpolated position data for stationary measurements for 13593
2021-02-17 18:08:04,453 INFO aireGDL Changed timezone for 13593
2021-02-17 18:08:04,749 INFO aireGDL Interpolated air quality data for position measurements for 13593
2021-02-17 18:08:05,260 INFO aireGDL Done with download
2021-02-17 18:08:05,260 INFO aireGDL Creating SQL engine
2021-02-17 18:08:11,046 INFO aireGDL Getting DB connection
2021-02-17 18:08:11,046 INFO aireGDL Creating SQL engine
2021-02-17 18:08:11,049 INFO aireGDL Uploading table plumbe to database
2021-02-17 18:09:09,948 INFO aireGDL Table plumbe in DB
2021-02-17 18:09:09,949 INFO aireGDL Data in DB
2021-02-17 18:09:33,377 INFO aireGDL Downloaded a total of 22176 for measures for 13703
2021-02-17 18:09:45,759 INFO aireGDL Downloaded a total of 17286 for positions for 13703
2021-02-17 18:10:23,242 INFO aireGDL Interpolated position data for moving measurements for 13703
2021-02-17 18:14:56,367 INFO aireGDL Interpolated position data for stationary measurements for 13703
2021-02-17 18:14:56,731 INFO aireGDL Changed timezone for 13703
2021-02-17 18:14:57,257 INFO aireGDL Interpolated air quality data for position measurements for 13703
2021-02-17 18:14:57,731 INFO aireGDL Done with download
2021-02-17 18:14:57,731 INFO aireGDL Creating SQL engine
2021-02-17 18:15:03,618 INFO aireGDL Getting DB connection
2021-02-17 18:15:03,619 INFO aireGDL Creating SQL engine
2021-02-17 18:15:03,621 INFO aireGDL Uploading table plumbe to database
2021-02-17 18:16:09,631 INFO aireGDL Table plumbe in DB
2021-02-17 18:16:09,633 INFO aireGDL Data in DB
2021-02-17 18:16:16,447 INFO aireGDL Downloaded a total of 6959 for measures for 14829
2021-02-17 18:16:17,206 INFO aireGDL Downloaded a total of 709 for positions for 14829
2021-02-17 18:16:20,439 INFO aireGDL Interpolated position data for moving measurements for 14829
2021-02-17 18:17:08,218 INFO aireGDL Interpolated position data for stationary measurements for 14829
2021-02-17 18:17:08,287 INFO aireGDL Changed timezone for 14829
2021-02-17 18:17:08,515 INFO aireGDL Interpolated air quality data for position measurements for 14829
2021-02-17 18:17:08,792 INFO aireGDL Done with download
2021-02-17 18:17:08,792 INFO aireGDL Creating SQL engine
2021-02-17 18:17:13,830 INFO aireGDL Getting DB connection
2021-02-17 18:17:13,831 INFO aireGDL Creating SQL engine
2021-02-17 18:17:13,831 INFO aireGDL Uploading table plumbe to database
2021-02-17 18:18:56,480 INFO aireGDL Table plumbe in DB
2021-02-17 18:18:56,481 INFO aireGDL Data in DB
2021-02-17 18:19:26,919 INFO aireGDL Downloaded a total of 12046 for measures for 14204
2021-02-17 18:19:31,713 INFO aireGDL Downloaded a total of 1482 for positions for 14204
2021-02-17 18:20:15,793 INFO aireGDL Interpolated position data for moving measurements for 14204
2021-02-17 18:23:09,310 INFO aireGDL Interpolated position data for stationary measurements for 14204
2021-02-17 18:23:09,404 INFO aireGDL Changed timezone for 14204
2021-02-17 18:23:09,642 INFO aireGDL Interpolated air quality data for position measurements for 14204
2021-02-17 18:23:09,893 INFO aireGDL Done with download
2021-02-17 18:23:09,894 INFO aireGDL Creating SQL engine
2021-02-17 18:23:17,783 INFO aireGDL Getting DB connection
2021-02-17 18:23:17,783 INFO aireGDL Creating SQL engine
2021-02-17 18:23:17,783 INFO aireGDL Uploading table plumbe to database
2021-02-17 18:27:19,908 INFO aireGDL Table plumbe in DB
2021-02-17 18:27:19,908 INFO aireGDL Data in DB
2021-02-17 18:27:38,349 INFO aireGDL Downloaded a total of 11286 for measures for 14834
2021-02-17 18:27:43,087 INFO aireGDL Downloaded a total of 2914 for positions for 14834
2021-02-17 18:28:00,897 INFO aireGDL Interpolated position data for moving measurements for 14834
2021-02-17 18:29:05,241 INFO aireGDL Interpolated position data for stationary measurements for 14834
2021-02-17 18:29:05,316 INFO aireGDL Changed timezone for 14834
2021-02-17 18:29:05,475 INFO aireGDL Interpolated air quality data for position measurements for 14834
2021-02-17 18:29:05,695 INFO aireGDL Done with download
2021-02-17 18:29:05,695 INFO aireGDL Creating SQL engine
2021-02-17 18:29:12,356 INFO aireGDL Getting DB connection
2021-02-17 18:29:12,357 INFO aireGDL Creating SQL engine
2021-02-17 18:29:12,359 INFO aireGDL Uploading table plumbe to database
2021-02-17 18:30:23,093 INFO aireGDL Table plumbe in DB
2021-02-17 18:30:23,093 INFO aireGDL Data in DB
2021-02-17 18:31:21,447 INFO aireGDL Downloaded a total of 25573 for measures for 13093
2021-02-17 18:31:29,888 INFO aireGDL Downloaded a total of 5529 for positions for 13093
2021-02-17 18:32:01,463 INFO aireGDL Interpolated position data for moving measurements for 13093
