2021-06-29 11:42:32,410 INFO aireGDL Creating SQL engine
2021-06-29 11:43:25,165 INFO aireGDL Creating SQL engine
2021-06-29 11:44:03,908 INFO aireGDL Nodes loaded
2021-06-29 11:46:01,667 INFO aireGDL Edges loaded
2021-06-29 11:46:47,097 INFO aireGDL Graph created
2021-06-29 15:09:44,959 INFO aireGDL Creating SQL engine
2021-06-29 15:11:03,546 INFO aireGDL Nodes loaded
2021-06-29 15:15:34,012 INFO aireGDL Edges loaded
2021-06-29 15:19:11,403 INFO aireGDL Graph created
2021-06-29 15:36:57,630 INFO aireGDL Creating SQL engine
2021-06-29 15:36:57,633 INFO aireGDL Getting estaciones_gdl from DB
2021-06-29 15:37:25,174 INFO aireGDL Creating SQL engine
2021-06-29 15:37:50,122 INFO aireGDL Nodes loaded
2021-06-29 15:40:22,475 INFO aireGDL Edges loaded
2021-06-29 15:41:04,166 INFO aireGDL Graph created
2021-06-29 18:13:29,054 INFO aireGDL Creating SQL engine
2021-06-29 18:13:35,789 INFO aireGDL Getting DB connection
2021-06-29 18:13:35,789 INFO aireGDL Creating SQL engine
2021-06-29 18:13:35,790 INFO aireGDL Uploading table estaciones to database
2021-06-29 18:13:42,751 INFO aireGDL Table estaciones in DB
2021-06-29 18:24:02,899 INFO aireGDL Creating SQL engine
2021-06-29 18:24:12,324 INFO aireGDL Getting DB connection
2021-06-29 18:24:12,325 INFO aireGDL Creating SQL engine
2021-06-29 18:24:12,326 INFO aireGDL Uploading table puntos_pip to database
2021-06-29 18:24:20,718 INFO aireGDL Table puntos_pip in DB
2021-06-29 21:51:58,456 INFO aireGDL Creating SQL engine
2021-06-29 21:51:58,499 INFO aireGDL Getting estaciones_gdl from DB
2021-06-29 21:52:18,831 INFO aireGDL Creating SQL engine
2021-06-29 21:52:18,832 INFO aireGDL Getting puntos_pip from DB
2021-06-29 21:52:20,793 INFO aireGDL puntos_pip retrived
2021-06-29 22:31:37,422 INFO aireGDL Creating SQL engine
2021-06-29 22:31:37,423 INFO aireGDL Getting puntos_pip from DB
2021-06-29 22:31:39,416 INFO aireGDL puntos_pip retrived
2021-06-29 22:34:19,662 INFO aireGDL Creating SQL engine
2021-06-29 22:34:21,304 INFO aireGDL Getting DB connection
2021-06-29 22:34:21,305 INFO aireGDL Creating SQL engine
2021-06-29 22:34:21,306 INFO aireGDL Uploading table puntos_pip to database
2021-06-29 22:35:00,644 INFO aireGDL Creating SQL engine
2021-06-29 22:35:02,354 INFO aireGDL Getting DB connection
2021-06-29 22:35:02,355 INFO aireGDL Creating SQL engine
2021-06-29 22:35:02,356 INFO aireGDL Uploading table puntos_pip to database
2021-06-29 22:35:05,826 INFO aireGDL Table puntos_pip in DB
2021-06-29 22:38:01,131 INFO aireGDL Creating SQL engine
2021-06-29 22:38:01,133 INFO aireGDL Getting puntos_pip from DB
2021-06-29 22:38:03,115 INFO aireGDL puntos_pip retrived
2021-06-29 22:38:35,015 INFO aireGDL Creating SQL engine
2021-06-29 22:38:35,016 INFO aireGDL Getting puntos_pip from DB
2021-06-29 22:38:36,963 INFO aireGDL puntos_pip retrived
2021-06-29 22:38:48,822 INFO aireGDL Creating SQL engine
2021-06-29 22:38:50,502 INFO aireGDL Getting DB connection
2021-06-29 22:38:50,502 INFO aireGDL Creating SQL engine
2021-06-29 22:38:50,504 INFO aireGDL Uploading table puntos_pip to database
2021-06-29 22:38:53,666 INFO aireGDL Table puntos_pip in DB
