2020-11-17 22:41:02,685 INFO aireGDL Creating SQL engine
2020-11-17 22:41:02,705 INFO aireGDL Getting estaciones_gdl from DB
2020-11-17 22:41:04,641 INFO aireGDL estaciones_gdl retrived
2020-11-17 22:41:45,249 INFO aireGDL Creating SQL engine
2020-11-17 22:41:45,250 INFO aireGDL Getting estaciones_gdl from DB
2020-11-17 22:41:46,825 INFO aireGDL estaciones_gdl retrived
2020-11-17 22:42:09,428 INFO aireGDL Creating SQL engine
2020-11-17 22:42:09,442 INFO aireGDL Getting estaciones_gdl from DB
2020-11-17 22:42:10,980 INFO aireGDL estaciones_gdl retrived
2020-11-17 22:43:09,882 INFO aireGDL Creating SQL engine
2020-11-17 22:43:09,883 INFO aireGDL Getting estaciones_gdl from DB
2020-11-17 22:43:11,556 INFO aireGDL estaciones_gdl retrived
2020-11-17 22:43:20,546 INFO aireGDL Creating SQL engine
2020-11-17 22:43:20,547 INFO aireGDL Getting estaciones_gdl from DB
2020-11-17 22:43:22,192 INFO aireGDL estaciones_gdl retrived
2020-11-17 22:43:42,731 INFO aireGDL Creating SQL engine
2020-11-17 22:43:48,090 INFO aireGDL Nodes loaded
2020-11-17 22:44:10,930 INFO aireGDL Edges loaded
2020-11-17 22:44:48,787 INFO aireGDL Graph created
2020-11-17 22:46:00,161 INFO aireGDL Creating SQL engine
2020-11-17 22:46:00,161 INFO aireGDL Getting pm10_20190101_01h_hour from DB
2020-11-17 22:46:01,947 INFO aireGDL pm10_20190101_01h_hour retrived
2020-11-17 22:46:20,867 INFO aireGDL Creating SQL engine
2020-11-17 22:46:20,868 INFO aireGDL Getting estaciones_simaj from DB
2020-11-17 22:46:22,584 INFO aireGDL estaciones_simaj retrived
2020-11-17 22:46:28,686 INFO aireGDL Creating SQL engine
2020-11-17 22:46:28,686 INFO aireGDL Getting pm10_20190101_01h_hour from DB
2020-11-17 22:46:30,650 INFO aireGDL pm10_20190101_01h_hour retrived
2020-11-17 22:47:10,345 INFO aireGDL Creating SQL engine
2020-11-17 22:47:10,346 INFO aireGDL Getting pm10_20190101_01h_hour from DB
2020-11-17 22:47:12,287 INFO aireGDL pm10_20190101_01h_hour retrived
2020-11-17 22:51:34,128 INFO aireGDL Creating SQL engine
2020-11-17 22:51:34,129 INFO aireGDL Getting pm10_20190101_01h_hour from DB
2020-11-17 22:51:36,032 INFO aireGDL pm10_20190101_01h_hour retrived
2020-11-17 22:52:07,073 INFO aireGDL Creating SQL engine
2020-11-17 22:52:07,074 INFO aireGDL Getting pm10_20190101_01h_hour from DB
2020-11-17 22:52:08,999 INFO aireGDL pm10_20190101_01h_hour retrived
2020-11-17 22:52:44,538 INFO aireGDL Creating SQL engine
2020-11-17 22:52:44,538 INFO aireGDL Getting pm10_20190101_01h_hour from DB
2020-11-17 22:52:46,382 INFO aireGDL pm10_20190101_01h_hour retrived
2020-11-17 22:54:21,492 INFO aireGDL Creating SQL engine
2020-11-17 22:54:21,493 INFO aireGDL Getting pm10_20190101_01h_hour from DB
2020-11-17 22:54:23,278 INFO aireGDL pm10_20190101_01h_hour retrived
2020-11-17 22:55:41,488 INFO aireGDL Creating SQL engine
2020-11-17 22:55:41,489 INFO aireGDL Getting pm10_20190101_01h_hour from DB
2020-11-17 22:55:43,325 INFO aireGDL pm10_20190101_01h_hour retrived
2020-11-17 22:59:36,383 INFO aireGDL Creating SQL engine
2020-11-17 22:59:36,384 INFO aireGDL Getting pm10_20190101_01h_hour from DB
2020-11-17 22:59:38,393 INFO aireGDL pm10_20190101_01h_hour retrived
2020-11-17 23:02:03,593 INFO aireGDL Creating SQL engine
2020-11-17 23:02:03,594 INFO aireGDL Getting pm10_20190101_01h_hour from DB
2020-11-17 23:02:05,435 INFO aireGDL pm10_20190101_01h_hour retrived
2020-11-17 23:06:46,155 INFO aireGDL Creating SQL engine
2020-11-17 23:06:46,156 INFO aireGDL Getting pm10_20190101_01h_hour from DB
2020-11-17 23:06:48,035 INFO aireGDL pm10_20190101_01h_hour retrived
2020-11-17 23:08:12,107 INFO aireGDL Creating SQL engine
2020-11-17 23:08:12,108 INFO aireGDL Getting pm10_20190101_01h_hour from DB
2020-11-17 23:08:14,929 INFO aireGDL pm10_20190101_01h_hour retrived
2020-11-17 23:08:56,494 INFO aireGDL Creating SQL engine
2020-11-17 23:08:56,494 INFO aireGDL Getting pm10_20190101_01h_hour from DB
2020-11-17 23:08:58,401 INFO aireGDL pm10_20190101_01h_hour retrived
2020-11-17 23:11:44,011 INFO aireGDL Creating SQL engine
2020-11-17 23:11:44,011 INFO aireGDL Getting pm10_20190101_01h_hour from DB
2020-11-17 23:11:45,833 INFO aireGDL pm10_20190101_01h_hour retrived
2020-11-17 23:13:54,598 INFO aireGDL Creating SQL engine
2020-11-17 23:13:54,599 INFO aireGDL Getting pm10_20190101_01h_hour from DB
2020-11-17 23:13:56,588 INFO aireGDL pm10_20190101_01h_hour retrived
2020-11-17 23:15:00,268 INFO aireGDL Creating SQL engine
2020-11-17 23:15:00,269 INFO aireGDL Getting pm10_20190101_01h_hour from DB
2020-11-17 23:15:01,947 INFO aireGDL pm10_20190101_01h_hour retrived
2020-11-17 23:15:44,803 INFO aireGDL Creating SQL engine
2020-11-17 23:15:44,803 INFO aireGDL Getting pm10_20190101_01h_hour from DB
2020-11-17 23:15:46,686 INFO aireGDL pm10_20190101_01h_hour retrived
2020-11-17 23:18:32,134 INFO aireGDL Creating SQL engine
2020-11-17 23:18:32,134 INFO aireGDL Getting pm10_20190101_01h_hour from DB
2020-11-17 23:18:33,974 INFO aireGDL pm10_20190101_01h_hour retrived
2020-11-17 23:19:05,136 INFO aireGDL Creating SQL engine
2020-11-17 23:19:05,137 INFO aireGDL Getting pm10_20190101_01h_hour from DB
2020-11-17 23:19:07,004 INFO aireGDL pm10_20190101_01h_hour retrived
2020-11-17 23:20:06,266 INFO aireGDL Creating SQL engine
2020-11-17 23:20:06,267 INFO aireGDL Getting pm10_20190101_01h_hour from DB
2020-11-17 23:20:08,201 INFO aireGDL pm10_20190101_01h_hour retrived
2020-11-17 23:21:23,888 INFO aireGDL Creating SQL engine
2020-11-17 23:21:23,888 INFO aireGDL Getting pm10_20190101_01h_hour from DB
2020-11-17 23:21:25,863 INFO aireGDL pm10_20190101_01h_hour retrived
2020-11-17 23:22:12,126 INFO aireGDL Creating SQL engine
2020-11-17 23:22:12,127 INFO aireGDL Getting pm10_20190101_01h_hour from DB
2020-11-17 23:22:13,978 INFO aireGDL pm10_20190101_01h_hour retrived
2020-11-17 23:23:18,713 INFO aireGDL Creating SQL engine
2020-11-17 23:23:18,713 INFO aireGDL Getting pm10_20190101_01h_hour from DB
2020-11-17 23:23:20,402 INFO aireGDL pm10_20190101_01h_hour retrived
2020-11-17 23:24:01,167 INFO aireGDL Creating SQL engine
2020-11-17 23:24:01,168 INFO aireGDL Getting pm10_20190101_01h_hour from DB
2020-11-17 23:24:03,110 INFO aireGDL pm10_20190101_01h_hour retrived
2020-11-17 23:25:01,610 INFO aireGDL Creating SQL engine
2020-11-17 23:25:01,611 INFO aireGDL Getting pm10_20190101_01h_hour from DB
2020-11-17 23:25:03,619 INFO aireGDL pm10_20190101_01h_hour retrived
2020-11-17 23:26:00,927 INFO aireGDL Creating SQL engine
2020-11-17 23:26:00,927 INFO aireGDL Getting pm10_20190101_01h_hour from DB
2020-11-17 23:26:02,862 INFO aireGDL pm10_20190101_01h_hour retrived
2020-11-17 23:26:55,544 INFO aireGDL Creating SQL engine
2020-11-17 23:26:55,545 INFO aireGDL Getting pm10_20190101_01h_hour from DB
2020-11-17 23:26:57,456 INFO aireGDL pm10_20190101_01h_hour retrived
2020-11-17 23:27:49,135 INFO aireGDL Creating SQL engine
2020-11-17 23:27:49,136 INFO aireGDL Getting pm10_20190101_01h_hour from DB
2020-11-17 23:27:50,942 INFO aireGDL pm10_20190101_01h_hour retrived
2020-11-17 23:28:28,218 INFO aireGDL Creating SQL engine
2020-11-17 23:28:28,219 INFO aireGDL Getting pm10_20190101_01h_hour from DB
2020-11-17 23:28:30,137 INFO aireGDL pm10_20190101_01h_hour retrived
2020-11-17 23:28:46,202 INFO aireGDL Creating SQL engine
2020-11-17 23:28:46,202 INFO aireGDL Getting pm10_20190101_01h_hour from DB
2020-11-17 23:28:48,121 INFO aireGDL pm10_20190101_01h_hour retrived
2020-11-17 23:29:27,328 INFO aireGDL Creating SQL engine
2020-11-17 23:29:27,329 INFO aireGDL Getting pm10_20190101_01h_hour from DB
2020-11-17 23:29:29,265 INFO aireGDL pm10_20190101_01h_hour retrived
2020-11-17 23:30:15,059 INFO aireGDL Creating SQL engine
2020-11-17 23:30:15,059 INFO aireGDL Getting pm10_20190101_01h_hour from DB
2020-11-17 23:30:17,175 INFO aireGDL pm10_20190101_01h_hour retrived
2020-11-17 23:33:47,340 INFO aireGDL Creating SQL engine
2020-11-17 23:33:47,341 INFO aireGDL Getting pm10_20190101_00h_hour from DB
2020-11-17 23:33:49,261 INFO aireGDL pm10_20190101_00h_hour retrived
2020-11-17 23:34:18,406 INFO aireGDL Creating SQL engine
2020-11-17 23:34:18,407 INFO aireGDL Getting pm10_20190101_00h_hour from DB
2020-11-17 23:34:20,216 INFO aireGDL pm10_20190101_00h_hour retrived
2020-11-17 23:34:36,057 INFO aireGDL Creating SQL engine
2020-11-17 23:34:36,057 INFO aireGDL Getting pm10_20190101_01h_hour from DB
2020-11-17 23:34:39,667 INFO aireGDL pm10_20190101_01h_hour retrived
2020-11-17 23:34:57,050 INFO aireGDL Creating SQL engine
2020-11-17 23:34:57,050 INFO aireGDL Getting pm10_20190101_02h_hour from DB
2020-11-17 23:34:58,977 INFO aireGDL pm10_20190101_02h_hour retrived
2020-11-17 23:35:16,139 INFO aireGDL Creating SQL engine
2020-11-17 23:35:16,139 INFO aireGDL Getting pm10_20190101_03h_hour from DB
2020-11-17 23:35:18,045 INFO aireGDL pm10_20190101_03h_hour retrived
2020-11-17 23:35:32,169 INFO aireGDL Creating SQL engine
2020-11-17 23:35:32,170 INFO aireGDL Getting pm10_20190101_04h_hour from DB
2020-11-17 23:35:33,965 INFO aireGDL pm10_20190101_04h_hour retrived
2020-11-17 23:35:48,040 INFO aireGDL Creating SQL engine
2020-11-17 23:35:48,040 INFO aireGDL Getting pm10_20190101_05h_hour from DB
2020-11-17 23:35:54,046 INFO aireGDL Creating SQL engine
2020-11-17 23:35:54,046 INFO aireGDL Getting pm10_20190101_00h_hour from DB
2020-11-17 23:35:55,961 INFO aireGDL pm10_20190101_00h_hour retrived
2020-11-17 23:36:14,484 INFO aireGDL Creating SQL engine
2020-11-17 23:36:14,485 INFO aireGDL Getting pm10_20190101_01h_hour from DB
2020-11-17 23:36:16,470 INFO aireGDL pm10_20190101_01h_hour retrived
2020-11-17 23:36:33,559 INFO aireGDL Creating SQL engine
2020-11-17 23:36:33,560 INFO aireGDL Getting pm10_20190101_02h_hour from DB
2020-11-17 23:36:35,352 INFO aireGDL pm10_20190101_02h_hour retrived
2020-11-17 23:36:53,749 INFO aireGDL Creating SQL engine
2020-11-17 23:36:53,750 INFO aireGDL Getting pm10_20190101_03h_hour from DB
2020-11-17 23:36:55,535 INFO aireGDL pm10_20190101_03h_hour retrived
2020-11-17 23:37:14,029 INFO aireGDL Creating SQL engine
2020-11-17 23:37:14,030 INFO aireGDL Getting pm10_20190101_04h_hour from DB
2020-11-17 23:37:15,685 INFO aireGDL pm10_20190101_04h_hour retrived
2020-11-17 23:37:34,714 INFO aireGDL Creating SQL engine
2020-11-17 23:37:34,715 INFO aireGDL Getting pm10_20190101_05h_hour from DB
2020-11-17 23:37:36,677 INFO aireGDL pm10_20190101_05h_hour retrived
2020-11-17 23:37:54,201 INFO aireGDL Creating SQL engine
2020-11-17 23:37:54,202 INFO aireGDL Getting pm10_20190101_06h_hour from DB
2020-11-17 23:37:56,114 INFO aireGDL pm10_20190101_06h_hour retrived
2020-11-17 23:38:15,853 INFO aireGDL Creating SQL engine
2020-11-17 23:38:15,853 INFO aireGDL Getting pm10_20190101_07h_hour from DB
2020-11-17 23:38:17,955 INFO aireGDL pm10_20190101_07h_hour retrived
2020-11-17 23:38:36,082 INFO aireGDL Creating SQL engine
2020-11-17 23:38:36,083 INFO aireGDL Getting pm10_20190101_08h_hour from DB
2020-11-17 23:38:38,003 INFO aireGDL pm10_20190101_08h_hour retrived
2020-11-17 23:38:53,673 INFO aireGDL Creating SQL engine
2020-11-17 23:38:53,674 INFO aireGDL Getting pm10_20190101_09h_hour from DB
2020-11-17 23:38:55,592 INFO aireGDL pm10_20190101_09h_hour retrived
2020-11-17 23:39:11,277 INFO aireGDL Creating SQL engine
2020-11-17 23:39:11,278 INFO aireGDL Getting pm10_20190101_10h_hour from DB
2020-11-17 23:39:13,063 INFO aireGDL pm10_20190101_10h_hour retrived
2020-11-17 23:39:31,402 INFO aireGDL Creating SQL engine
2020-11-17 23:39:31,403 INFO aireGDL Getting pm10_20190101_11h_hour from DB
2020-11-17 23:39:33,159 INFO aireGDL pm10_20190101_11h_hour retrived
2020-11-17 23:39:48,470 INFO aireGDL Creating SQL engine
2020-11-17 23:39:48,470 INFO aireGDL Getting pm10_20190101_12h_hour from DB
2020-11-17 23:39:50,383 INFO aireGDL pm10_20190101_12h_hour retrived
2020-11-17 23:40:07,112 INFO aireGDL Creating SQL engine
2020-11-17 23:40:07,113 INFO aireGDL Getting pm10_20190101_13h_hour from DB
2020-11-17 23:40:08,868 INFO aireGDL pm10_20190101_13h_hour retrived
2020-11-17 23:40:23,012 INFO aireGDL Creating SQL engine
2020-11-17 23:40:23,013 INFO aireGDL Getting pm10_20190101_14h_hour from DB
2020-11-17 23:40:25,002 INFO aireGDL pm10_20190101_14h_hour retrived
2020-11-17 23:40:40,295 INFO aireGDL Creating SQL engine
2020-11-17 23:40:40,296 INFO aireGDL Getting pm10_20190101_15h_hour from DB
2020-11-17 23:40:42,103 INFO aireGDL pm10_20190101_15h_hour retrived
2020-11-17 23:41:00,178 INFO aireGDL Creating SQL engine
2020-11-17 23:41:00,178 INFO aireGDL Getting pm10_20190101_16h_hour from DB
2020-11-17 23:41:01,988 INFO aireGDL pm10_20190101_16h_hour retrived
2020-11-17 23:41:19,173 INFO aireGDL Creating SQL engine
2020-11-17 23:41:19,174 INFO aireGDL Getting pm10_20190101_17h_hour from DB
2020-11-17 23:41:21,001 INFO aireGDL pm10_20190101_17h_hour retrived
2020-11-17 23:41:35,549 INFO aireGDL Creating SQL engine
2020-11-17 23:41:35,550 INFO aireGDL Getting pm10_20190101_18h_hour from DB
2020-11-17 23:41:37,335 INFO aireGDL pm10_20190101_18h_hour retrived
2020-11-17 23:41:52,300 INFO aireGDL Creating SQL engine
2020-11-17 23:41:52,300 INFO aireGDL Getting pm10_20190101_19h_hour from DB
2020-11-17 23:41:54,098 INFO aireGDL pm10_20190101_19h_hour retrived
2020-11-17 23:42:11,662 INFO aireGDL Creating SQL engine
2020-11-17 23:42:11,665 INFO aireGDL Getting pm10_20190101_20h_hour from DB
2020-11-17 23:42:13,611 INFO aireGDL pm10_20190101_20h_hour retrived
2020-11-17 23:42:30,322 INFO aireGDL Creating SQL engine
2020-11-17 23:42:30,323 INFO aireGDL Getting pm10_20190101_21h_hour from DB
2020-11-17 23:42:32,258 INFO aireGDL pm10_20190101_21h_hour retrived
2020-11-17 23:42:50,311 INFO aireGDL Creating SQL engine
2020-11-17 23:42:50,313 INFO aireGDL Getting pm10_20190101_22h_hour from DB
2020-11-17 23:42:52,155 INFO aireGDL pm10_20190101_22h_hour retrived
2020-11-17 23:43:09,236 INFO aireGDL Creating SQL engine
2020-11-17 23:43:09,236 INFO aireGDL Getting pm10_20190101_23h_hour from DB
2020-11-17 23:43:11,273 INFO aireGDL pm10_20190101_23h_hour retrived
2020-11-17 23:53:43,726 INFO aireGDL Creating SQL engine
2020-11-17 23:53:43,778 INFO aireGDL Getting pm10_20190101_00h_hour from DB
2020-11-17 23:53:46,001 INFO aireGDL pm10_20190101_00h_hour retrived
2020-11-17 23:54:01,201 INFO aireGDL Creating SQL engine
2020-11-17 23:54:01,202 INFO aireGDL Getting pm10_20190101_01h_hour from DB
2020-11-17 23:54:03,125 INFO aireGDL pm10_20190101_01h_hour retrived
2020-11-17 23:54:18,595 INFO aireGDL Creating SQL engine
2020-11-17 23:54:18,595 INFO aireGDL Getting pm10_20190101_02h_hour from DB
2020-11-17 23:54:20,262 INFO aireGDL pm10_20190101_02h_hour retrived
2020-11-17 23:54:40,308 INFO aireGDL Creating SQL engine
2020-11-17 23:54:40,309 INFO aireGDL Getting pm10_20190101_03h_hour from DB
2020-11-17 23:54:42,515 INFO aireGDL pm10_20190101_03h_hour retrived
2020-11-17 23:54:57,992 INFO aireGDL Creating SQL engine
2020-11-17 23:54:57,993 INFO aireGDL Getting pm10_20190101_04h_hour from DB
2020-11-17 23:54:59,830 INFO aireGDL pm10_20190101_04h_hour retrived
2020-11-17 23:55:14,440 INFO aireGDL Creating SQL engine
2020-11-17 23:55:14,441 INFO aireGDL Getting pm10_20190101_05h_hour from DB
2020-11-17 23:55:16,417 INFO aireGDL pm10_20190101_05h_hour retrived
2020-11-17 23:55:30,485 INFO aireGDL Creating SQL engine
2020-11-17 23:55:30,486 INFO aireGDL Getting pm10_20190101_06h_hour from DB
2020-11-17 23:55:32,376 INFO aireGDL pm10_20190101_06h_hour retrived
2020-11-17 23:55:46,780 INFO aireGDL Creating SQL engine
2020-11-17 23:55:46,780 INFO aireGDL Getting pm10_20190101_07h_hour from DB
2020-11-17 23:55:48,552 INFO aireGDL pm10_20190101_07h_hour retrived
2020-11-17 23:56:02,978 INFO aireGDL Creating SQL engine
2020-11-17 23:56:02,978 INFO aireGDL Getting pm10_20190101_08h_hour from DB
2020-11-17 23:56:04,758 INFO aireGDL pm10_20190101_08h_hour retrived
2020-11-17 23:56:20,784 INFO aireGDL Creating SQL engine
2020-11-17 23:56:20,785 INFO aireGDL Getting pm10_20190101_09h_hour from DB
2020-11-17 23:56:22,688 INFO aireGDL pm10_20190101_09h_hour retrived
2020-11-17 23:56:37,189 INFO aireGDL Creating SQL engine
2020-11-17 23:56:37,189 INFO aireGDL Getting pm10_20190101_10h_hour from DB
2020-11-17 23:56:38,952 INFO aireGDL pm10_20190101_10h_hour retrived
2020-11-17 23:56:53,247 INFO aireGDL Creating SQL engine
2020-11-17 23:56:53,247 INFO aireGDL Getting pm10_20190101_11h_hour from DB
2020-11-17 23:56:55,069 INFO aireGDL pm10_20190101_11h_hour retrived
2020-11-17 23:57:09,384 INFO aireGDL Creating SQL engine
2020-11-17 23:57:09,384 INFO aireGDL Getting pm10_20190101_12h_hour from DB
2020-11-17 23:57:11,332 INFO aireGDL pm10_20190101_12h_hour retrived
2020-11-17 23:57:26,417 INFO aireGDL Creating SQL engine
2020-11-17 23:57:26,417 INFO aireGDL Getting pm10_20190101_13h_hour from DB
2020-11-17 23:57:28,234 INFO aireGDL pm10_20190101_13h_hour retrived
2020-11-17 23:57:43,151 INFO aireGDL Creating SQL engine
2020-11-17 23:57:43,152 INFO aireGDL Getting pm10_20190101_14h_hour from DB
2020-11-17 23:57:44,811 INFO aireGDL pm10_20190101_14h_hour retrived
2020-11-17 23:58:00,282 INFO aireGDL Creating SQL engine
2020-11-17 23:58:00,282 INFO aireGDL Getting pm10_20190101_15h_hour from DB
2020-11-17 23:58:02,048 INFO aireGDL pm10_20190101_15h_hour retrived
2020-11-17 23:58:17,719 INFO aireGDL Creating SQL engine
2020-11-17 23:58:17,720 INFO aireGDL Getting pm10_20190101_16h_hour from DB
2020-11-17 23:58:19,536 INFO aireGDL pm10_20190101_16h_hour retrived
2020-11-17 23:58:34,560 INFO aireGDL Creating SQL engine
2020-11-17 23:58:34,560 INFO aireGDL Getting pm10_20190101_17h_hour from DB
2020-11-17 23:58:36,478 INFO aireGDL pm10_20190101_17h_hour retrived
2020-11-17 23:58:52,555 INFO aireGDL Creating SQL engine
2020-11-17 23:58:52,557 INFO aireGDL Getting pm10_20190101_18h_hour from DB
2020-11-17 23:58:54,415 INFO aireGDL pm10_20190101_18h_hour retrived
2020-11-17 23:59:09,551 INFO aireGDL Creating SQL engine
2020-11-17 23:59:09,552 INFO aireGDL Getting pm10_20190101_19h_hour from DB
2020-11-17 23:59:11,312 INFO aireGDL pm10_20190101_19h_hour retrived
2020-11-17 23:59:26,942 INFO aireGDL Creating SQL engine
2020-11-17 23:59:26,942 INFO aireGDL Getting pm10_20190101_20h_hour from DB
2020-11-17 23:59:28,894 INFO aireGDL pm10_20190101_20h_hour retrived
2020-11-17 23:59:44,569 INFO aireGDL Creating SQL engine
2020-11-17 23:59:44,570 INFO aireGDL Getting pm10_20190101_21h_hour from DB
2020-11-17 23:59:46,543 INFO aireGDL pm10_20190101_21h_hour retrived
2020-11-18 00:00:02,648 INFO aireGDL Creating SQL engine
2020-11-18 00:00:02,649 INFO aireGDL Getting pm10_20190101_22h_hour from DB
2020-11-18 00:00:04,512 INFO aireGDL pm10_20190101_22h_hour retrived
2020-11-18 00:00:18,296 INFO aireGDL Creating SQL engine
2020-11-18 00:00:18,296 INFO aireGDL Getting pm10_20190101_23h_hour from DB
2020-11-18 00:00:20,034 INFO aireGDL pm10_20190101_23h_hour retrived
2020-11-18 12:53:11,229 INFO aireGDL Creating SQL engine
2020-11-18 12:53:11,242 INFO aireGDL Getting simaj_data_hour from DB
2020-11-18 12:53:46,246 INFO aireGDL Creating SQL engine
2020-11-18 12:53:46,247 INFO aireGDL Getting simaj_data_hour from DB
2020-11-18 12:53:49,987 INFO aireGDL Creating SQL engine
2020-11-18 12:53:49,987 INFO aireGDL Getting simaj_data_hour from DB
2020-11-18 12:54:25,633 INFO aireGDL Creating SQL engine
2020-11-18 12:54:25,634 INFO aireGDL Getting simaj_data_hour from DB
