2021-06-20 15:09:23,777 INFO aireGDL Creating SQL engine
2021-06-20 15:09:23,823 INFO aireGDL Getting estaciones_gdl from DB
2021-06-20 15:09:25,467 INFO aireGDL estaciones_gdl retrived
2021-06-20 15:09:25,504 INFO aireGDL Creating SQL engine
2021-06-20 15:09:25,504 INFO aireGDL Getting estaciones_simaj from DB
2021-06-20 15:09:27,104 INFO aireGDL estaciones_simaj retrived
2021-06-20 15:10:04,274 INFO aireGDL Creating SQL engine
2021-06-20 15:10:04,277 INFO aireGDL Getting data from DB
2021-06-20 15:10:07,001 INFO aireGDL Data retrived
2021-06-20 15:19:06,140 INFO aireGDL Creating SQL engine
2021-06-20 15:19:06,190 INFO aireGDL Getting estaciones_gdl from DB
2021-06-20 15:19:08,029 INFO aireGDL estaciones_gdl retrived
2021-06-20 15:19:08,064 INFO aireGDL Creating SQL engine
2021-06-20 15:19:08,064 INFO aireGDL Getting estaciones_simaj from DB
2021-06-20 15:19:09,556 INFO aireGDL estaciones_simaj retrived
2021-06-20 15:19:15,083 INFO aireGDL Creating SQL engine
2021-06-20 15:19:15,088 INFO aireGDL Getting data from DB
2021-06-20 15:19:18,082 INFO aireGDL Data retrived
2021-06-20 16:29:19,581 INFO aireGDL Creating SQL engine
2021-06-20 16:29:19,582 INFO aireGDL Getting data from DB
2021-06-20 16:29:22,629 INFO aireGDL Data retrived
2021-06-20 16:32:07,364 INFO aireGDL Creating SQL engine
2021-06-20 16:32:07,366 INFO aireGDL Getting data from DB
2021-06-20 16:32:10,039 INFO aireGDL Data retrived
2021-06-20 16:36:22,764 INFO aireGDL Creating SQL engine
2021-06-20 16:36:22,765 INFO aireGDL Getting data from DB
2021-06-20 16:36:25,519 INFO aireGDL Data retrived
2021-06-20 16:37:26,259 INFO aireGDL Creating SQL engine
2021-06-20 16:37:26,261 INFO aireGDL Getting data from DB
2021-06-20 16:37:29,053 INFO aireGDL Data retrived
2021-06-20 16:39:49,660 INFO aireGDL Creating SQL engine
2021-06-20 16:39:49,660 INFO aireGDL Getting data from DB
2021-06-20 16:39:52,388 INFO aireGDL Data retrived
2021-06-20 16:40:27,782 INFO aireGDL Creating SQL engine
2021-06-20 16:40:27,784 INFO aireGDL Getting data from DB
2021-06-20 16:40:30,478 INFO aireGDL Data retrived
2021-06-20 17:28:05,521 INFO aireGDL Creating SQL engine
2021-06-20 17:28:05,523 INFO aireGDL Getting data from DB
2021-06-20 17:28:08,582 INFO aireGDL Creating SQL engine
2021-06-20 17:28:08,584 INFO aireGDL Getting data from DB
2021-06-20 17:28:39,886 INFO aireGDL Data retrived
2021-06-20 17:29:48,618 INFO aireGDL Creating SQL engine
2021-06-20 17:29:48,620 INFO aireGDL Getting data from DB
2021-06-20 17:29:51,372 INFO aireGDL Data retrived
2021-06-20 17:40:09,005 INFO aireGDL Creating SQL engine
2021-06-20 17:40:09,007 INFO aireGDL Getting estaciones_gdl from DB
2021-06-20 17:40:10,812 INFO aireGDL estaciones_gdl retrived
2021-06-20 17:40:10,847 INFO aireGDL Creating SQL engine
2021-06-20 17:40:10,848 INFO aireGDL Getting estaciones_simaj from DB
2021-06-20 17:40:12,417 INFO aireGDL estaciones_simaj retrived
2021-06-20 17:50:53,847 INFO aireGDL Creating SQL engine
2021-06-20 17:50:53,888 INFO aireGDL Getting estaciones_gdl from DB
2021-06-20 17:50:55,821 INFO aireGDL estaciones_gdl retrived
2021-06-20 17:50:55,854 INFO aireGDL Creating SQL engine
2021-06-20 17:50:55,855 INFO aireGDL Getting estaciones_simaj from DB
2021-06-20 17:50:57,420 INFO aireGDL estaciones_simaj retrived
2021-06-20 17:53:04,955 INFO aireGDL Creating SQL engine
2021-06-20 17:53:04,955 INFO aireGDL Getting data from DB
2021-06-20 17:53:07,639 INFO aireGDL Data retrived
2021-06-20 18:14:43,849 INFO aireGDL Creating SQL engine
2021-06-20 18:14:43,851 INFO aireGDL Getting data from DB
2021-06-20 18:16:44,653 INFO aireGDL Creating SQL engine
2021-06-20 18:16:44,655 INFO aireGDL Getting data from DB
2021-06-20 18:25:47,195 INFO aireGDL Creating SQL engine
2021-06-20 18:25:47,195 INFO aireGDL Getting data from DB
2021-06-20 18:25:49,992 INFO aireGDL Data retrived
2021-06-20 18:49:26,278 INFO aireGDL Creating SQL engine
2021-06-20 18:49:26,281 INFO aireGDL Getting estaciones_gdl from DB
2021-06-20 18:49:28,051 INFO aireGDL estaciones_gdl retrived
2021-06-20 18:49:28,086 INFO aireGDL Creating SQL engine
2021-06-20 18:49:28,087 INFO aireGDL Getting estaciones_simaj from DB
2021-06-20 18:49:29,678 INFO aireGDL estaciones_simaj retrived
2021-06-20 18:58:59,796 INFO aireGDL Creating SQL engine
2021-06-20 18:58:59,797 INFO aireGDL Getting data from DB
2021-06-20 19:10:09,670 INFO aireGDL Creating SQL engine
2021-06-20 19:10:09,671 INFO aireGDL Getting data from DB
2021-06-20 19:10:11,801 INFO aireGDL Data retrived
