2020-11-30 15:10:59,458 INFO aireGDL Creating SQL engine
2020-11-30 15:10:59,652 INFO aireGDL Getting estaciones_gdl from DB
2020-11-30 15:11:07,621 INFO aireGDL estaciones_gdl retrived
2020-11-30 15:11:27,785 INFO aireGDL Creating SQL engine
2020-11-30 15:11:27,787 INFO aireGDL Getting estaciones_simaj from DB
2020-11-30 15:11:34,957 INFO aireGDL estaciones_simaj retrived
2020-11-30 15:23:04,623 INFO aireGDL Creating SQL engine
2020-11-30 15:23:04,756 INFO aireGDL Getting estaciones_gdl from DB
2020-11-30 15:23:11,716 INFO aireGDL estaciones_gdl retrived
2020-11-30 15:23:11,814 INFO aireGDL Creating SQL engine
2020-11-30 15:23:11,815 INFO aireGDL Getting estaciones_simaj from DB
2020-11-30 15:23:19,462 INFO aireGDL estaciones_simaj retrived
2020-11-30 15:23:19,533 INFO aireGDL Creating SQL engine
2020-11-30 15:23:19,535 INFO aireGDL Getting data from DB
2020-11-30 15:48:03,509 INFO aireGDL Creating SQL engine
2020-11-30 15:48:03,514 INFO aireGDL Getting data from DB
2020-11-30 15:48:10,713 INFO aireGDL Data retrived
2020-11-30 15:53:48,910 INFO aireGDL Creating SQL engine
2020-11-30 15:53:48,918 INFO aireGDL Getting data from DB
2020-11-30 15:54:05,836 INFO aireGDL Data retrived
