2021-07-05 09:30:27,261 INFO aireGDL Creating SQL engine
2021-07-05 09:30:27,324 INFO aireGDL Getting estaciones_gdl from DB
2021-07-05 09:30:29,370 INFO aireGDL estaciones_gdl retrived
2021-07-05 09:30:29,423 INFO aireGDL Creating SQL engine
2021-07-05 09:30:29,424 INFO aireGDL Getting estaciones_simaj from DB
2021-07-05 09:30:31,273 INFO aireGDL estaciones_simaj retrived
2021-07-05 09:30:31,311 INFO aireGDL Creating SQL engine
2021-07-05 09:30:31,312 INFO aireGDL Getting puntos_pip from DB
2021-07-05 09:30:34,968 INFO aireGDL puntos_pip retrived
2021-07-05 09:30:49,848 INFO aireGDL Creating SQL engine
2021-07-05 09:30:49,858 INFO aireGDL Getting data from DB
2021-07-05 09:30:54,249 INFO aireGDL Data retrived
2021-07-05 09:35:51,824 INFO aireGDL Creating SQL engine
2021-07-05 09:35:51,861 INFO aireGDL Getting data from DB
2021-07-05 09:35:55,491 INFO aireGDL Data retrived
2021-07-05 09:35:58,546 INFO aireGDL Creating SQL engine
2021-07-05 09:35:58,550 INFO aireGDL Getting data from DB
2021-07-05 09:36:02,076 INFO aireGDL Data retrived
2021-07-05 09:36:10,415 INFO aireGDL Creating SQL engine
2021-07-05 09:36:10,420 INFO aireGDL Getting data from DB
2021-07-05 09:36:14,341 INFO aireGDL Data retrived
2021-07-05 09:36:49,959 INFO aireGDL Creating SQL engine
2021-07-05 09:36:49,973 INFO aireGDL Getting data from DB
2021-07-05 09:36:57,463 INFO aireGDL Data retrived
2021-07-05 10:06:23,762 INFO aireGDL Creating SQL engine
2021-07-05 10:06:23,779 INFO aireGDL Getting data from DB
2021-07-05 10:09:23,537 INFO aireGDL Creating SQL engine
2021-07-05 10:09:23,611 INFO aireGDL Getting data from DB
2021-07-05 10:09:26,127 INFO aireGDL Data retrived
2021-07-05 10:27:38,767 INFO aireGDL Creating SQL engine
2021-07-05 10:27:38,773 INFO aireGDL Getting data from DB
2021-07-05 10:27:41,829 INFO aireGDL Data retrived
2021-07-05 11:03:48,289 INFO aireGDL Creating SQL engine
2021-07-05 11:03:48,297 INFO aireGDL Getting data from DB
2021-07-05 11:03:58,188 INFO aireGDL Creating SQL engine
2021-07-05 11:03:58,189 INFO aireGDL Getting data from DB
2021-07-05 11:09:52,712 INFO aireGDL Creating SQL engine
2021-07-05 11:09:52,917 INFO aireGDL Getting data from DB
2021-07-05 11:10:05,102 INFO aireGDL Data retrived
2021-07-05 11:11:58,027 INFO aireGDL Creating SQL engine
2021-07-05 11:11:58,032 INFO aireGDL Getting data from DB
2021-07-05 11:12:00,375 INFO aireGDL Data retrived
2021-07-05 11:14:59,925 INFO aireGDL Creating SQL engine
2021-07-05 11:14:59,929 INFO aireGDL Getting data from DB
2021-07-05 11:15:02,794 INFO aireGDL Data retrived
2021-07-05 12:07:16,224 INFO aireGDL Creating SQL engine
2021-07-05 12:07:16,290 INFO aireGDL Getting data from DB
2021-07-05 12:07:19,227 INFO aireGDL Data retrived
