2020-12-18 13:16:26,257 INFO aireGDL Creating SQL engine
2020-12-18 13:16:26,301 INFO aireGDL Getting estaciones_gdl from DB
2020-12-18 13:16:27,286 INFO aireGDL estaciones_gdl retrived
2020-12-18 13:44:55,344 INFO aireGDL Creating SQL engine
2020-12-18 13:44:55,346 INFO aireGDL Getting municipios_amg from DB
2020-12-18 13:44:56,509 INFO aireGDL municipios_amg retrived
2020-12-18 13:47:38,214 INFO aireGDL Creating SQL engine
2020-12-18 13:47:38,215 INFO aireGDL Getting guadalajara_edges from DB
2020-12-18 13:47:54,429 INFO aireGDL guadalajara_edges retrived
2020-12-18 14:58:57,480 INFO aireGDL Creating SQL engine
2020-12-18 14:58:57,485 INFO aireGDL Getting estaciones_gdl from DB
2020-12-18 14:58:58,394 INFO aireGDL estaciones_gdl retrived
2020-12-18 15:43:03,565 INFO aireGDL Creating SQL engine
2020-12-18 15:43:03,594 INFO aireGDL Getting municipios_amg from DB
2020-12-18 15:43:04,755 INFO aireGDL municipios_amg retrived
2020-12-18 15:43:04,837 INFO aireGDL Creating SQL engine
2020-12-18 15:43:04,837 INFO aireGDL Getting estaciones_gdl from DB
2020-12-18 15:43:05,660 INFO aireGDL estaciones_gdl retrived
2020-12-18 15:43:05,706 INFO aireGDL Creating SQL engine
2020-12-18 15:43:05,707 INFO aireGDL Getting guadalajara_edges from DB
2020-12-18 15:43:20,707 INFO aireGDL guadalajara_edges retrived
2020-12-18 16:42:16,624 INFO aireGDL Creating SQL engine
2020-12-18 16:42:16,674 INFO aireGDL Getting estaciones_gdl from DB
2020-12-18 16:42:17,553 INFO aireGDL estaciones_gdl retrived
2020-12-18 16:49:26,376 INFO aireGDL Creating SQL engine
2020-12-18 16:49:26,377 INFO aireGDL Getting municipios_amg from DB
2020-12-18 16:49:27,375 INFO aireGDL municipios_amg retrived
2020-12-18 16:49:27,524 INFO aireGDL Creating SQL engine
2020-12-18 16:49:27,524 INFO aireGDL Getting guadalajara_edges from DB
2020-12-18 16:49:44,125 INFO aireGDL guadalajara_edges retrived
